1605400462711	geckodriver	INFO	Listening on 127.0.0.1:53009
1605400462716	mozrunner::runner	INFO	Running command: "/usr/bin/firefox" "--marionette" "-foreground" "-no-remote" "-profile" "/tmp/rust_mozprofileHlAkG7"
console.warn: SearchSettings: "get: No settings file exists, new profile?" (new Error("", "(unknown module)"))
1605400464947	Marionette	INFO	Listening on port 46549
1605400465048	Marionette	WARN	TLS certificate errors will be ignored for this session
JavaScript error: https://storage.googleapis.com/workbox-cdn/releases/3.5.0/workbox-sw.js, line 1: SyntaxError: redeclaration of const workbox
1605400526333	Marionette	INFO	Stopped listening on port 46549
1605400535967	geckodriver	INFO	Listening on 127.0.0.1:44553
1605400535972	mozrunner::runner	INFO	Running command: "/usr/bin/firefox" "--marionette" "-foreground" "-no-remote" "-profile" "/tmp/rust_mozprofileBczUVf"
console.warn: SearchSettings: "get: No settings file exists, new profile?" (new Error("", "(unknown module)"))
1605400539173	Marionette	INFO	Listening on port 38789
1605400539201	Marionette	WARN	TLS certificate errors will be ignored for this session
JavaScript error: https://storage.googleapis.com/workbox-cdn/releases/3.5.0/workbox-sw.js, line 1: SyntaxError: redeclaration of const workbox
1605400559552	Marionette	INFO	Stopped listening on port 38789
1605401197344	geckodriver	INFO	Listening on 127.0.0.1:36547
1605401197348	mozrunner::runner	INFO	Running command: "/usr/bin/firefox" "--marionette" "-foreground" "-no-remote" "-profile" "/tmp/rust_mozprofileGRhSS6"
console.warn: SearchSettings: "get: No settings file exists, new profile?" (new Error("", "(unknown module)"))
1605401200094	Marionette	INFO	Listening on port 41203
1605401200202	Marionette	WARN	TLS certificate errors will be ignored for this session
JavaScript error: https://storage.googleapis.com/workbox-cdn/releases/3.5.0/workbox-sw.js, line 1: SyntaxError: redeclaration of const workbox
1605401223944	Marionette	INFO	Stopped listening on port 41203
1605401276340	geckodriver	INFO	Listening on 127.0.0.1:56421
1605401276345	mozrunner::runner	INFO	Running command: "/usr/bin/firefox" "--marionette" "-foreground" "-no-remote" "-profile" "/tmp/rust_mozprofileXwbI2q"
console.warn: SearchSettings: "get: No settings file exists, new profile?" (new Error("", "(unknown module)"))
1605401279104	Marionette	INFO	Listening on port 44779
1605401279174	Marionette	WARN	TLS certificate errors will be ignored for this session
JavaScript error: https://storage.googleapis.com/workbox-cdn/releases/3.5.0/workbox-sw.js, line 1: SyntaxError: redeclaration of const workbox
1605401299626	Marionette	INFO	Stopped listening on port 44779
1605401403048	geckodriver	INFO	Listening on 127.0.0.1:46105
1605401403054	mozrunner::runner	INFO	Running command: "/usr/bin/firefox" "--marionette" "-foreground" "-no-remote" "-profile" "/tmp/rust_mozprofile1QkiLO"
console.warn: SearchSettings: "get: No settings file exists, new profile?" (new Error("", "(unknown module)"))
1605401405588	Marionette	INFO	Listening on port 33869
1605401405680	Marionette	WARN	TLS certificate errors will be ignored for this session
JavaScript error: https://storage.googleapis.com/workbox-cdn/releases/3.5.0/workbox-sw.js, line 1: SyntaxError: redeclaration of const workbox
1605401425433	Marionette	INFO	Stopped listening on port 33869
1605401561325	geckodriver	INFO	Listening on 127.0.0.1:47589
1605401561330	mozrunner::runner	INFO	Running command: "/usr/bin/firefox" "--marionette" "-foreground" "-no-remote" "-profile" "/tmp/rust_mozprofileOikTHl"
console.warn: SearchSettings: "get: No settings file exists, new profile?" (new Error("", "(unknown module)"))
1605401563890	Marionette	INFO	Listening on port 38007
1605401563964	Marionette	WARN	TLS certificate errors will be ignored for this session
JavaScript error: https://storage.googleapis.com/workbox-cdn/releases/3.5.0/workbox-sw.js, line 1: SyntaxError: redeclaration of const workbox
1605401586807	Marionette	INFO	Stopped listening on port 38007
1605401915355	geckodriver	INFO	Listening on 127.0.0.1:56435
1605401915360	mozrunner::runner	INFO	Running command: "/usr/bin/firefox" "--marionette" "-foreground" "-no-remote" "-profile" "/tmp/rust_mozprofilec9JhhN"
console.warn: SearchSettings: "get: No settings file exists, new profile?" (new Error("", "(unknown module)"))
1605401918203	Marionette	INFO	Listening on port 36623
1605401918323	Marionette	WARN	TLS certificate errors will be ignored for this session
JavaScript error: resource://gre/modules/URIFixup.jsm, line 271: NS_ERROR_FAILURE: Should pass a non-null uri
JavaScript error: https://storage.googleapis.com/workbox-cdn/releases/3.5.0/workbox-sw.js, line 1: SyntaxError: redeclaration of const workbox
1605401946191	Marionette	INFO	Stopped listening on port 36623
1605404516171	geckodriver	INFO	Listening on 127.0.0.1:51257
1605404516176	mozrunner::runner	INFO	Running command: "/usr/bin/firefox" "--marionette" "-foreground" "-no-remote" "-profile" "/tmp/rust_mozprofile7PZmRZ"
console.warn: SearchSettings: "get: No settings file exists, new profile?" (new Error("", "(unknown module)"))
1605404519037	Marionette	INFO	Listening on port 39617
1605404519102	Marionette	WARN	TLS certificate errors will be ignored for this session
JavaScript error: resource://gre/modules/URIFixup.jsm, line 271: NS_ERROR_FAILURE: Should pass a non-null uri
JavaScript error: https://storage.googleapis.com/workbox-cdn/releases/3.5.0/workbox-sw.js, line 1: SyntaxError: redeclaration of const workbox
1605404546775	Marionette	INFO	Stopped listening on port 39617
1605404651877	geckodriver	INFO	Listening on 127.0.0.1:46083
1605404651882	mozrunner::runner	INFO	Running command: "/usr/bin/firefox" "--marionette" "-foreground" "-no-remote" "-profile" "/tmp/rust_mozprofilehPQ66C"
console.warn: SearchSettings: "get: No settings file exists, new profile?" (new Error("", "(unknown module)"))
1605404673552	Marionette	INFO	Listening on port 38365
1605404673573	Marionette	WARN	TLS certificate errors will be ignored for this session
JavaScript error: https://storage.googleapis.com/workbox-cdn/releases/3.5.0/workbox-sw.js, line 1: SyntaxError: redeclaration of const workbox
JavaScript error: https://cdn1.vivareal.com/p/15000-96dbfd883/v/static/app/js/shared.js, line 16: TypeError: this._ui is undefined
JavaScript error: https://cdn1.vivareal.com/p/15000-96dbfd883/v/static/app/js/shared.js, line 16: TypeError: this._ui is undefined
JavaScript error: https://cdn1.vivareal.com/p/15000-96dbfd883/v/static/app/js/shared.js, line 16: TypeError: this._ui is undefined
JavaScript error: https://cdn1.vivareal.com/p/15000-96dbfd883/v/static/app/js/shared.js, line 16: TypeError: this._ui is undefined
JavaScript error: https://cdn1.vivareal.com/p/15000-96dbfd883/v/static/app/js/shared.js, line 16: TypeError: this._ui is undefined
JavaScript error: https://cdn1.vivareal.com/p/15000-96dbfd883/v/static/app/js/shared.js, line 16: TypeError: this._ui is undefined
JavaScript error: https://cdn1.vivareal.com/p/15000-96dbfd883/v/static/app/js/shared.js, line 16: TypeError: this._ui is undefined
JavaScript error: https://cdn1.vivareal.com/p/15000-96dbfd883/v/static/app/js/shared.js, line 16: TypeError: this._ui is undefined
JavaScript error: https://cdn1.vivareal.com/p/15000-96dbfd883/v/static/app/js/shared.js, line 16: TypeError: this._ui is undefined
JavaScript error: https://cdn1.vivareal.com/p/15000-96dbfd883/v/static/app/js/shared.js, line 16: TypeError: this._ui is undefined
JavaScript error: https://cdn1.vivareal.com/p/15000-96dbfd883/v/static/app/js/shared.js, line 16: TypeError: this._ui is undefined
JavaScript error: https://cdn1.vivareal.com/p/15000-96dbfd883/v/static/app/js/shared.js, line 16: TypeError: this._ui is undefined
JavaScript error: https://cdn1.vivareal.com/p/15000-96dbfd883/v/static/app/js/shared.js, line 16: TypeError: this._ui is undefined
JavaScript error: https://cdn1.vivareal.com/p/15000-96dbfd883/v/static/app/js/shared.js, line 16: TypeError: this._ui is undefined
JavaScript error: https://cdn1.vivareal.com/p/15000-96dbfd883/v/static/app/js/shared.js, line 16: TypeError: this._ui is undefined
JavaScript error: https://cdn1.vivareal.com/p/15000-96dbfd883/v/static/app/js/shared.js, line 16: TypeError: this._ui is undefined
JavaScript error: https://cdn1.vivareal.com/p/15000-96dbfd883/v/static/app/js/shared.js, line 16: TypeError: this._ui is undefined
JavaScript error: https://cdn1.vivareal.com/p/15000-96dbfd883/v/static/app/js/shared.js, line 16: TypeError: this._ui is undefined
JavaScript error: https://cdn1.vivareal.com/p/15000-96dbfd883/v/static/app/js/shared.js, line 16: TypeError: this._ui is undefined
JavaScript error: https://cdn1.vivareal.com/p/15000-96dbfd883/v/static/app/js/shared.js, line 16: TypeError: this._ui is undefined
JavaScript error: https://cdn1.vivareal.com/p/15000-96dbfd883/v/static/app/js/shared.js, line 16: TypeError: this._ui is undefined
JavaScript error: https://cdn1.vivareal.com/p/15000-96dbfd883/v/static/app/js/shared.js, line 16: TypeError: this._ui is undefined
JavaScript error: https://cdn1.vivareal.com/p/15000-96dbfd883/v/static/app/js/shared.js, line 16: TypeError: this._ui is undefined
JavaScript error: https://cdn1.vivareal.com/p/15000-96dbfd883/v/static/app/js/shared.js, line 16: TypeError: this._ui is undefined
JavaScript error: https://cdn1.vivareal.com/p/15000-96dbfd883/v/static/app/js/shared.js, line 16: TypeError: this._ui is undefined
JavaScript error: https://cdn1.vivareal.com/p/15000-96dbfd883/v/static/app/js/shared.js, line 16: TypeError: this._ui is undefined
JavaScript error: https://cdn1.vivareal.com/p/15000-96dbfd883/v/static/app/js/shared.js, line 16: TypeError: this._ui is undefined
JavaScript error: https://cdn1.vivareal.com/p/15000-96dbfd883/v/static/app/js/shared.js, line 16: TypeError: this._ui is undefined
JavaScript error: https://cdn1.vivareal.com/p/15000-96dbfd883/v/static/app/js/shared.js, line 16: TypeError: this._ui is undefined
JavaScript error: https://cdn1.vivareal.com/p/15000-96dbfd883/v/static/app/js/shared.js, line 16: TypeError: this._ui is undefined
JavaScript error: https://cdn1.vivareal.com/p/15000-96dbfd883/v/static/app/js/shared.js, line 16: TypeError: this._ui is undefined
JavaScript error: https://cdn1.vivareal.com/p/15000-96dbfd883/v/static/app/js/shared.js, line 16: TypeError: this._ui is undefined
JavaScript error: https://cdn1.vivareal.com/p/15000-96dbfd883/v/static/app/js/shared.js, line 16: TypeError: this._ui is undefined
JavaScript error: https://cdn1.vivareal.com/p/15000-96dbfd883/v/static/app/js/shared.js, line 16: TypeError: this._ui is undefined
JavaScript error: https://cdn1.vivareal.com/p/15000-96dbfd883/v/static/app/js/shared.js, line 16: TypeError: this._ui is undefined
JavaScript error: https://cdn1.vivareal.com/p/15000-96dbfd883/v/static/app/js/shared.js, line 16: TypeError: this._ui is undefined
JavaScript error: https://cdn1.vivareal.com/p/15000-96dbfd883/v/static/app/js/shared.js, line 16: TypeError: this._ui is undefined
JavaScript error: https://cdn1.vivareal.com/p/15000-96dbfd883/v/static/app/js/shared.js, line 16: TypeError: this._ui is undefined
JavaScript error: https://cdn1.vivareal.com/p/15000-96dbfd883/v/static/app/js/shared.js, line 16: TypeError: this._ui is undefined
JavaScript error: https://cdn1.vivareal.com/p/15000-96dbfd883/v/static/app/js/shared.js, line 16: TypeError: this._ui is undefined
JavaScript error: https://cdn1.vivareal.com/p/15000-96dbfd883/v/static/app/js/shared.js, line 16: TypeError: this._ui is undefined
JavaScript error: https://cdn1.vivareal.com/p/15000-96dbfd883/v/static/app/js/shared.js, line 16: TypeError: this._ui is undefined
JavaScript error: https://cdn1.vivareal.com/p/15000-96dbfd883/v/static/app/js/shared.js, line 16: TypeError: this._ui is undefined
JavaScript error: https://cdn1.vivareal.com/p/15000-96dbfd883/v/static/app/js/shared.js, line 16: TypeError: this._ui is undefined
JavaScript error: https://cdn1.vivareal.com/p/15000-96dbfd883/v/static/app/js/shared.js, line 16: TypeError: this._ui is undefined
JavaScript error: https://cdn1.vivareal.com/p/15000-96dbfd883/v/static/app/js/shared.js, line 16: TypeError: this._ui is undefined
JavaScript error: https://cdn1.vivareal.com/p/15000-96dbfd883/v/static/app/js/shared.js, line 16: TypeError: this._ui is undefined
JavaScript error: https://cdn1.vivareal.com/p/15000-96dbfd883/v/static/app/js/shared.js, line 16: TypeError: this._ui is undefined
JavaScript error: https://cdn1.vivareal.com/p/15000-96dbfd883/v/static/app/js/shared.js, line 16: TypeError: this._ui is undefined
JavaScript error: https://cdn1.vivareal.com/p/15000-96dbfd883/v/static/app/js/shared.js, line 16: TypeError: this._ui is undefined
JavaScript error: https://cdn1.vivareal.com/p/15000-96dbfd883/v/static/app/js/shared.js, line 16: TypeError: this._ui is undefined
JavaScript error: https://cdn1.vivareal.com/p/15000-96dbfd883/v/static/app/js/shared.js, line 16: TypeError: this._ui is undefined
JavaScript error: https://cdn1.vivareal.com/p/15000-96dbfd883/v/static/app/js/shared.js, line 16: TypeError: this._ui is undefined
JavaScript error: https://cdn1.vivareal.com/p/15000-96dbfd883/v/static/app/js/shared.js, line 16: TypeError: this._ui is undefined
JavaScript error: https://cdn1.vivareal.com/p/15000-96dbfd883/v/static/app/js/shared.js, line 16: TypeError: this._ui is undefined
JavaScript error: https://cdn1.vivareal.com/p/15000-96dbfd883/v/static/app/js/shared.js, line 16: TypeError: this._ui is undefined
JavaScript error: https://cdn1.vivareal.com/p/15000-96dbfd883/v/static/app/js/shared.js, line 16: TypeError: this._ui is undefined
JavaScript error: https://cdn1.vivareal.com/p/15000-96dbfd883/v/static/app/js/shared.js, line 16: TypeError: this._ui is undefined
JavaScript error: https://cdn1.vivareal.com/p/15000-96dbfd883/v/static/app/js/shared.js, line 16: TypeError: this._ui is undefined
JavaScript error: https://cdn1.vivareal.com/p/15000-96dbfd883/v/static/app/js/shared.js, line 16: TypeError: this._ui is undefined
JavaScript error: https://cdn1.vivareal.com/p/15000-96dbfd883/v/static/app/js/shared.js, line 16: TypeError: this._ui is undefined
JavaScript error: https://cdn1.vivareal.com/p/15000-96dbfd883/v/static/app/js/shared.js, line 16: TypeError: this._ui is undefined
JavaScript error: https://cdn1.vivareal.com/p/15000-96dbfd883/v/static/app/js/shared.js, line 16: TypeError: this._ui is undefined
JavaScript error: https://cdn1.vivareal.com/p/15000-96dbfd883/v/static/app/js/shared.js, line 16: TypeError: this._ui is undefined
JavaScript error: https://cdn1.vivareal.com/p/15000-96dbfd883/v/static/app/js/shared.js, line 16: TypeError: this._ui is undefined
JavaScript error: https://cdn1.vivareal.com/p/15000-96dbfd883/v/static/app/js/shared.js, line 16: TypeError: this._ui is undefined
JavaScript error: https://cdn1.vivareal.com/p/15000-96dbfd883/v/static/app/js/shared.js, line 16: TypeError: this._ui is undefined
JavaScript error: https://cdn1.vivareal.com/p/15000-96dbfd883/v/static/app/js/shared.js, line 16: TypeError: this._ui is undefined
JavaScript error: https://cdn1.vivareal.com/p/15000-96dbfd883/v/static/app/js/shared.js, line 16: TypeError: this._ui is undefined
JavaScript error: https://cdn1.vivareal.com/p/15000-96dbfd883/v/static/app/js/shared.js, line 16: TypeError: this._ui is undefined
JavaScript error: https://cdn1.vivareal.com/p/15000-96dbfd883/v/static/app/js/shared.js, line 16: TypeError: this._ui is undefined
JavaScript error: https://cdn1.vivareal.com/p/15000-96dbfd883/v/static/app/js/shared.js, line 16: TypeError: this._ui is undefined
JavaScript error: https://cdn1.vivareal.com/p/15000-96dbfd883/v/static/app/js/shared.js, line 16: TypeError: this._ui is undefined
JavaScript error: https://cdn1.vivareal.com/p/15000-96dbfd883/v/static/app/js/shared.js, line 16: TypeError: this._ui is undefined
JavaScript error: https://cdn1.vivareal.com/p/15000-96dbfd883/v/static/app/js/shared.js, line 16: TypeError: this._ui is undefined
JavaScript error: https://cdn1.vivareal.com/p/15000-96dbfd883/v/static/app/js/shared.js, line 16: TypeError: this._ui is undefined
JavaScript error: https://cdn1.vivareal.com/p/15000-96dbfd883/v/static/app/js/shared.js, line 16: TypeError: this._ui is undefined
JavaScript error: https://cdn1.vivareal.com/p/15000-96dbfd883/v/static/app/js/shared.js, line 16: TypeError: this._ui is undefined
JavaScript error: https://cdn1.vivareal.com/p/15000-96dbfd883/v/static/app/js/shared.js, line 16: TypeError: this._ui is undefined
JavaScript error: https://cdn1.vivareal.com/p/15000-96dbfd883/v/static/app/js/shared.js, line 16: TypeError: this._ui is undefined
JavaScript error: https://cdn1.vivareal.com/p/15000-96dbfd883/v/static/app/js/shared.js, line 16: TypeError: this._ui is undefined
JavaScript error: https://cdn1.vivareal.com/p/15000-96dbfd883/v/static/app/js/shared.js, line 16: TypeError: this._ui is undefined
JavaScript error: https://cdn1.vivareal.com/p/15000-96dbfd883/v/static/app/js/shared.js, line 16: TypeError: this._ui is undefined
JavaScript error: https://cdn1.vivareal.com/p/15000-96dbfd883/v/static/app/js/shared.js, line 16: TypeError: this._ui is undefined
JavaScript error: https://cdn1.vivareal.com/p/15000-96dbfd883/v/static/app/js/shared.js, line 16: TypeError: this._ui is undefined
JavaScript error: https://cdn1.vivareal.com/p/15000-96dbfd883/v/static/app/js/shared.js, line 16: TypeError: this._ui is undefined
JavaScript error: https://cdn1.vivareal.com/p/15000-96dbfd883/v/static/app/js/shared.js, line 16: TypeError: this._ui is undefined
JavaScript error: https://cdn1.vivareal.com/p/15000-96dbfd883/v/static/app/js/shared.js, line 16: TypeError: this._ui is undefined
JavaScript error: https://cdn1.vivareal.com/p/15000-96dbfd883/v/static/app/js/shared.js, line 16: TypeError: this._ui is undefined
JavaScript error: https://cdn1.vivareal.com/p/15000-96dbfd883/v/static/app/js/shared.js, line 16: TypeError: this._ui is undefined
JavaScript error: https://cdn1.vivareal.com/p/15000-96dbfd883/v/static/app/js/shared.js, line 16: TypeError: this._ui is undefined
JavaScript error: https://cdn1.vivareal.com/p/15000-96dbfd883/v/static/app/js/shared.js, line 16: TypeError: this._ui is undefined
JavaScript error: https://cdn1.vivareal.com/p/15000-96dbfd883/v/static/app/js/shared.js, line 16: TypeError: this._ui is undefined
JavaScript error: https://cdn1.vivareal.com/p/15000-96dbfd883/v/static/app/js/shared.js, line 16: TypeError: this._ui is undefined
JavaScript error: https://cdn1.vivareal.com/p/15000-96dbfd883/v/static/app/js/shared.js, line 16: TypeError: this._ui is undefined
JavaScript error: https://cdn1.vivareal.com/p/15000-96dbfd883/v/static/app/js/shared.js, line 16: TypeError: this._ui is undefined
JavaScript error: https://cdn1.vivareal.com/p/15000-96dbfd883/v/static/app/js/shared.js, line 16: TypeError: this._ui is undefined
JavaScript error: https://cdn1.vivareal.com/p/15000-96dbfd883/v/static/app/js/shared.js, line 16: TypeError: this._ui is undefined
JavaScript error: https://cdn1.vivareal.com/p/15000-96dbfd883/v/static/app/js/shared.js, line 16: TypeError: this._ui is undefined
JavaScript error: https://cdn1.vivareal.com/p/15000-96dbfd883/v/static/app/js/shared.js, line 16: TypeError: this._ui is undefined
JavaScript error: https://cdn1.vivareal.com/p/15000-96dbfd883/v/static/app/js/shared.js, line 16: TypeError: this._ui is undefined
JavaScript error: https://cdn1.vivareal.com/p/15000-96dbfd883/v/static/app/js/shared.js, line 16: TypeError: this._ui is undefined
JavaScript error: https://cdn1.vivareal.com/p/15000-96dbfd883/v/static/app/js/shared.js, line 16: TypeError: this._ui is undefined
JavaScript error: https://cdn1.vivareal.com/p/15000-96dbfd883/v/static/app/js/shared.js, line 16: TypeError: this._ui is undefined
1605405262271	Marionette	INFO	Stopped listening on port 38365
1605405517836	geckodriver	INFO	Listening on 127.0.0.1:41617
1605405517841	mozrunner::runner	INFO	Running command: "/usr/bin/firefox" "--marionette" "-foreground" "-no-remote" "-profile" "/tmp/rust_mozprofileR1q5vi"
console.warn: SearchSettings: "get: No settings file exists, new profile?" (new Error("", "(unknown module)"))
1605405520562	Marionette	INFO	Listening on port 45175
1605405520688	Marionette	WARN	TLS certificate errors will be ignored for this session
JavaScript error: https://storage.googleapis.com/workbox-cdn/releases/3.5.0/workbox-sw.js, line 1: SyntaxError: redeclaration of const workbox
1605405535605	Marionette	INFO	Stopped listening on port 45175
1605405656948	geckodriver	INFO	Listening on 127.0.0.1:54899
1605405656953	mozrunner::runner	INFO	Running command: "/usr/bin/firefox" "--marionette" "-foreground" "-no-remote" "-profile" "/tmp/rust_mozprofilemalzjM"
console.warn: SearchSettings: "get: No settings file exists, new profile?" (new Error("", "(unknown module)"))
1605405659720	Marionette	INFO	Listening on port 35845
1605405659787	Marionette	WARN	TLS certificate errors will be ignored for this session
JavaScript error: https://storage.googleapis.com/workbox-cdn/releases/3.5.0/workbox-sw.js, line 1: SyntaxError: redeclaration of const workbox
1605405696766	Marionette	INFO	Stopped listening on port 35845
1605405809353	geckodriver	INFO	Listening on 127.0.0.1:53623
1605405809358	mozrunner::runner	INFO	Running command: "/usr/bin/firefox" "--marionette" "-foreground" "-no-remote" "-profile" "/tmp/rust_mozprofileuMdgae"
console.warn: SearchSettings: "get: No settings file exists, new profile?" (new Error("", "(unknown module)"))
1605405812002	Marionette	INFO	Listening on port 45769
1605405812089	Marionette	WARN	TLS certificate errors will be ignored for this session
JavaScript error: https://storage.googleapis.com/workbox-cdn/releases/3.5.0/workbox-sw.js, line 1: SyntaxError: redeclaration of const workbox
1605405863785	Marionette	INFO	Stopped listening on port 45769
1605410670505	geckodriver	INFO	Listening on 127.0.0.1:52009
1605410670511	mozrunner::runner	INFO	Running command: "/usr/bin/firefox" "--marionette" "-foreground" "-no-remote" "-profile" "/tmp/rust_mozprofilelS0kQL"
console.warn: SearchSettings: "get: No settings file exists, new profile?" (new Error("", "(unknown module)"))
1605410673201	Marionette	INFO	Listening on port 37847
1605410673244	Marionette	WARN	TLS certificate errors will be ignored for this session
JavaScript error: https://storage.googleapis.com/workbox-cdn/releases/3.5.0/workbox-sw.js, line 1: SyntaxError: redeclaration of const workbox
1605411139306	Marionette	INFO	Stopped listening on port 37847
1605411647295	geckodriver	INFO	Listening on 127.0.0.1:42799
1605411647300	mozrunner::runner	INFO	Running command: "/usr/bin/firefox" "--marionette" "-foreground" "-no-remote" "-profile" "/tmp/rust_mozprofileDLGmQn"
console.warn: SearchSettings: "get: No settings file exists, new profile?" (new Error("", "(unknown module)"))
1605411650084	Marionette	INFO	Listening on port 39421
1605411650137	Marionette	WARN	TLS certificate errors will be ignored for this session
JavaScript error: https://storage.googleapis.com/workbox-cdn/releases/3.5.0/workbox-sw.js, line 1: SyntaxError: redeclaration of const workbox
1605412120417	Marionette	INFO	Stopped listening on port 39421
1605412375713	geckodriver	INFO	Listening on 127.0.0.1:56709
1605412375719	mozrunner::runner	INFO	Running command: "/usr/bin/firefox" "--marionette" "-foreground" "-no-remote" "-profile" "/tmp/rust_mozprofilerQc4rG"
console.warn: SearchSettings: "get: No settings file exists, new profile?" (new Error("", "(unknown module)"))
1605412378525	Marionette	INFO	Listening on port 41821
1605412378652	Marionette	WARN	TLS certificate errors will be ignored for this session
JavaScript error: https://storage.googleapis.com/workbox-cdn/releases/3.5.0/workbox-sw.js, line 1: SyntaxError: redeclaration of const workbox
Exiting due to channel error.
[GFX1-]: Receive IPC close with reason=AbnormalShutdown
Exiting due to channel error.
Exiting due to channel error.
1605412719130	geckodriver	INFO	Listening on 127.0.0.1:50587
1605412719136	mozrunner::runner	INFO	Running command: "/usr/bin/firefox" "--marionette" "-foreground" "-no-remote" "-profile" "/tmp/rust_mozprofile5mCqDI"
console.warn: SearchSettings: "get: No settings file exists, new profile?" (new Error("", "(unknown module)"))
1605412721717	Marionette	INFO	Listening on port 34029
1605412721768	Marionette	WARN	TLS certificate errors will be ignored for this session
JavaScript error: https://storage.googleapis.com/workbox-cdn/releases/3.5.0/workbox-sw.js, line 1: SyntaxError: redeclaration of const workbox
1605412736409	Marionette	INFO	Stopped listening on port 34029
1605412752940	geckodriver	INFO	Listening on 127.0.0.1:56465
1605412752946	mozrunner::runner	INFO	Running command: "/usr/bin/firefox" "--marionette" "-foreground" "-no-remote" "-profile" "/tmp/rust_mozprofile4NHnDV"
console.warn: SearchSettings: "get: No settings file exists, new profile?" (new Error("", "(unknown module)"))
1605412755741	Marionette	INFO	Listening on port 33725
1605412755781	Marionette	WARN	TLS certificate errors will be ignored for this session
JavaScript error: https://storage.googleapis.com/workbox-cdn/releases/3.5.0/workbox-sw.js, line 1: SyntaxError: redeclaration of const workbox
Exiting due to channel error.
Exiting due to channel error.
Exiting due to channel error.
1605412865310	geckodriver	INFO	Listening on 127.0.0.1:39431
1605412865316	mozrunner::runner	INFO	Running command: "/usr/bin/firefox" "--marionette" "-foreground" "-no-remote" "-profile" "/tmp/rust_mozprofile5kh2T1"
console.warn: SearchSettings: "get: No settings file exists, new profile?" (new Error("", "(unknown module)"))
1605412867980	Marionette	INFO	Listening on port 35731
1605412868049	Marionette	WARN	TLS certificate errors will be ignored for this session
JavaScript error: https://storage.googleapis.com/workbox-cdn/releases/3.5.0/workbox-sw.js, line 1: SyntaxError: redeclaration of const workbox
1605412910479	Marionette	INFO	Stopped listening on port 35731
1605412921116	geckodriver	INFO	Listening on 127.0.0.1:32887
1605412921122	mozrunner::runner	INFO	Running command: "/usr/bin/firefox" "--marionette" "-foreground" "-no-remote" "-profile" "/tmp/rust_mozprofileTKmgyn"
console.warn: SearchSettings: "get: No settings file exists, new profile?" (new Error("", "(unknown module)"))
1605412923715	Marionette	INFO	Listening on port 35933
1605412923756	Marionette	WARN	TLS certificate errors will be ignored for this session
JavaScript error: https://storage.googleapis.com/workbox-cdn/releases/3.5.0/workbox-sw.js, line 1: SyntaxError: redeclaration of const workbox
1605412944350	geckodriver	INFO	Listening on 127.0.0.1:58007
1605412944356	mozrunner::runner	INFO	Running command: "/usr/bin/firefox" "--marionette" "-foreground" "-no-remote" "-profile" "/tmp/rust_mozprofilekgjJr5"
console.warn: SearchSettings: "get: No settings file exists, new profile?" (new Error("", "(unknown module)"))
1605412947408	Marionette	INFO	Listening on port 36845
1605412947481	Marionette	WARN	TLS certificate errors will be ignored for this session
JavaScript error: resource://gre/modules/URIFixup.jsm, line 271: NS_ERROR_FAILURE: Should pass a non-null uri
JavaScript error: https://storage.googleapis.com/workbox-cdn/releases/3.5.0/workbox-sw.js, line 1: SyntaxError: redeclaration of const workbox
Exiting due to channel error.
[GFX1-]: Receive IPC close with reason=AbnormalShutdown
Exiting due to channel error.
Exiting due to channel error.
1605413044247	geckodriver	INFO	Listening on 127.0.0.1:38581
1605413044252	mozrunner::runner	INFO	Running command: "/usr/bin/firefox" "--marionette" "-foreground" "-no-remote" "-profile" "/tmp/rust_mozprofileBy56fB"
console.warn: SearchSettings: "get: No settings file exists, new profile?" (new Error("", "(unknown module)"))
1605413046955	Marionette	INFO	Listening on port 35517
1605413046996	Marionette	WARN	TLS certificate errors will be ignored for this session
JavaScript error: https://storage.googleapis.com/workbox-cdn/releases/3.5.0/workbox-sw.js, line 1: SyntaxError: redeclaration of const workbox
1605413502385	Marionette	INFO	Stopped listening on port 35517
1605413719837	Marionette	INFO	Stopped listening on port 35933
1605414198338	geckodriver	INFO	Listening on 127.0.0.1:37861
1605414198343	mozrunner::runner	INFO	Running command: "/usr/bin/firefox" "--marionette" "-foreground" "-no-remote" "-profile" "/tmp/rust_mozprofileZ4m4Ji"
console.warn: SearchSettings: "get: No settings file exists, new profile?" (new Error("", "(unknown module)"))
1605414201024	Marionette	INFO	Listening on port 40813
1605414201078	Marionette	WARN	TLS certificate errors will be ignored for this session
JavaScript error: resource://gre/modules/URIFixup.jsm, line 271: NS_ERROR_FAILURE: Should pass a non-null uri
JavaScript error: https://storage.googleapis.com/workbox-cdn/releases/3.5.0/workbox-sw.js, line 1: SyntaxError: redeclaration of const workbox
1605414269779	Marionette	INFO	Stopped listening on port 40813
1605414775523	geckodriver	INFO	Listening on 127.0.0.1:51059
1605414775528	mozrunner::runner	INFO	Running command: "/usr/bin/firefox" "--marionette" "-foreground" "-no-remote" "-profile" "/tmp/rust_mozprofile7rmIoW"
console.warn: SearchSettings: "get: No settings file exists, new profile?" (new Error("", "(unknown module)"))
1605414778803	Marionette	INFO	Listening on port 35505
1605414778867	Marionette	WARN	TLS certificate errors will be ignored for this session
JavaScript error: https://storage.googleapis.com/workbox-cdn/releases/3.5.0/workbox-sw.js, line 1: SyntaxError: redeclaration of const workbox
1605414847247	Marionette	INFO	Stopped listening on port 35505
1605415099960	geckodriver	INFO	Listening on 127.0.0.1:52691
1605415099966	mozrunner::runner	INFO	Running command: "/usr/bin/firefox" "--marionette" "-foreground" "-no-remote" "-profile" "/tmp/rust_mozprofileCutMlT"
console.warn: SearchSettings: "get: No settings file exists, new profile?" (new Error("", "(unknown module)"))
1605415102586	Marionette	INFO	Listening on port 38553
1605415102716	Marionette	WARN	TLS certificate errors will be ignored for this session
JavaScript error: https://storage.googleapis.com/workbox-cdn/releases/3.5.0/workbox-sw.js, line 1: SyntaxError: redeclaration of const workbox
1605419277957	Marionette	INFO	Stopped listening on port 38553
1608170928142	geckodriver	INFO	Listening on 127.0.0.1:54459
1608170929172	mozrunner::runner	INFO	Running command: "/usr/bin/firefox" "--marionette" "-foreground" "-no-remote" "-profile" "/tmp/rust_mozprofileMvTuZw"
console.warn: SearchSettings: "get: No settings file exists, new profile?" (new Error("", "(unknown module)"))
1608170936656	Marionette	INFO	Listening on port 39521
1608170936982	Marionette	WARN	TLS certificate errors will be ignored for this session
JavaScript error: https://storage.googleapis.com/workbox-cdn/releases/3.5.0/workbox-sw.js, line 1: SyntaxError: redeclaration of const workbox
1608170973267	Marionette	INFO	Stopped listening on port 39521
1608171389737	geckodriver	INFO	Listening on 127.0.0.1:54749
1608171389745	mozrunner::runner	INFO	Running command: "/usr/bin/firefox" "--marionette" "-foreground" "-no-remote" "-profile" "/tmp/rust_mozprofileEWiMVF"
console.warn: SearchSettings: "get: No settings file exists, new profile?" (new Error("", "(unknown module)"))
1608171397946	Marionette	INFO	Listening on port 39893
1608171397994	Marionette	WARN	TLS certificate errors will be ignored for this session
JavaScript error: https://storage.googleapis.com/workbox-cdn/releases/3.5.0/workbox-sw.js, line 1: SyntaxError: redeclaration of const workbox

###!!! [Child][MessageChannel] Error: (msgtype=0x5C000E,name=PHttpChannel::Msg___delete__) Channel closing: too late to send/recv, messages will be lost


###!!! [Child][MessageChannel] Error: (msgtype=0x6C0027,name=PNecko::Msg_RemoveRequestContext) Channel closing: too late to send/recv, messages will be lost


###!!! [Child][RunMessage] Error: Channel closing: too late to send/recv, messages will be lost


###!!! [Child][RunMessage] Error: Channel closing: too late to send/recv, messages will be lost

1608171442461	Marionette	INFO	Stopped listening on port 39893
