2020-12-17 17:15:26,214  [<stdin>:12]     INFO   Class initialized
2020-12-17 17:15:26,216  [<stdin>:45]     INFO   Searching for Bakery
2020-12-17 17:15:26,221  [connectionpool.py:812]     DEBUG  Starting new HTTPS connection (1): api.foursquare.com:443
2020-12-17 17:15:27,335  [connectionpool.py:391]     DEBUG  https://api.foursquare.com:443 "GET /v2/venues/explore?client_id=P0VECUSYDJB24CHOVK4SH1ZOS3ZC1VO00FZMIHNN0U1HMZT1&client_secret=RAKWBMTXSLUDEJZ53LABSEQFX1CX4E4VQ2RNF0JVFYBOZOZZ&v=20180323&ll=-26.967448555391197+%2C-48.682939817&query=Bakery&limit=1000 HTTP/1.1" 200 None
2020-12-17 17:15:27,338  [<stdin>:25]     INFO   <Response [200]>
2020-12-17 17:15:27,342  [<stdin>:28]     INFO   Got data
2020-12-17 17:15:27,342  [<stdin>:31]     INFO   Venues gotten
2020-12-17 17:15:27,401  [<stdin>:52]     INFO   More 100 points of interest
2020-12-17 17:15:27,401  [<stdin>:54]     INFO   100 so far
2020-12-17 17:15:27,401  [<stdin>:45]     INFO   Searching for Bar
2020-12-17 17:15:27,403  [connectionpool.py:812]     DEBUG  Starting new HTTPS connection (1): api.foursquare.com:443
2020-12-17 17:15:28,227  [connectionpool.py:391]     DEBUG  https://api.foursquare.com:443 "GET /v2/venues/explore?client_id=P0VECUSYDJB24CHOVK4SH1ZOS3ZC1VO00FZMIHNN0U1HMZT1&client_secret=RAKWBMTXSLUDEJZ53LABSEQFX1CX4E4VQ2RNF0JVFYBOZOZZ&v=20180323&ll=-26.967448555391197+%2C-48.682939817&query=Bar&limit=1000 HTTP/1.1" 200 None
2020-12-17 17:15:28,234  [<stdin>:25]     INFO   <Response [200]>
2020-12-17 17:15:28,242  [<stdin>:28]     INFO   Got data
2020-12-17 17:15:28,243  [<stdin>:31]     INFO   Venues gotten
2020-12-17 17:15:28,312  [<stdin>:52]     INFO   More 92 points of interest
2020-12-17 17:15:28,314  [<stdin>:54]     INFO   192 so far
2020-12-17 17:15:28,314  [<stdin>:45]     INFO   Searching for Bookstore
2020-12-17 17:15:28,316  [connectionpool.py:812]     DEBUG  Starting new HTTPS connection (1): api.foursquare.com:443
2020-12-17 17:15:28,870  [connectionpool.py:391]     DEBUG  https://api.foursquare.com:443 "GET /v2/venues/explore?client_id=P0VECUSYDJB24CHOVK4SH1ZOS3ZC1VO00FZMIHNN0U1HMZT1&client_secret=RAKWBMTXSLUDEJZ53LABSEQFX1CX4E4VQ2RNF0JVFYBOZOZZ&v=20180323&ll=-26.967448555391197+%2C-48.682939817&query=Bookstore&limit=1000 HTTP/1.1" 200 None
2020-12-17 17:15:28,875  [<stdin>:25]     INFO   <Response [200]>
2020-12-17 17:15:28,877  [<stdin>:28]     INFO   Got data
2020-12-17 17:15:28,878  [<stdin>:31]     INFO   Venues gotten
2020-12-17 17:15:28,905  [<stdin>:52]     INFO   More 10 points of interest
2020-12-17 17:15:28,906  [<stdin>:54]     INFO   202 so far
2020-12-17 17:15:28,906  [<stdin>:45]     INFO   Searching for Gym
2020-12-17 17:15:28,908  [connectionpool.py:812]     DEBUG  Starting new HTTPS connection (1): api.foursquare.com:443
2020-12-17 17:15:29,794  [connectionpool.py:391]     DEBUG  https://api.foursquare.com:443 "GET /v2/venues/explore?client_id=P0VECUSYDJB24CHOVK4SH1ZOS3ZC1VO00FZMIHNN0U1HMZT1&client_secret=RAKWBMTXSLUDEJZ53LABSEQFX1CX4E4VQ2RNF0JVFYBOZOZZ&v=20180323&ll=-26.967448555391197+%2C-48.682939817&query=Gym&limit=1000 HTTP/1.1" 200 None
2020-12-17 17:15:29,800  [<stdin>:25]     INFO   <Response [200]>
2020-12-17 17:15:29,806  [<stdin>:28]     INFO   Got data
2020-12-17 17:15:29,806  [<stdin>:31]     INFO   Venues gotten
2020-12-17 17:15:29,870  [<stdin>:52]     INFO   More 79 points of interest
2020-12-17 17:15:29,871  [<stdin>:54]     INFO   281 so far
2020-12-17 17:15:29,871  [<stdin>:45]     INFO   Searching for Design Studio
2020-12-17 17:15:29,872  [connectionpool.py:812]     DEBUG  Starting new HTTPS connection (1): api.foursquare.com:443
2020-12-17 17:15:30,612  [connectionpool.py:391]     DEBUG  https://api.foursquare.com:443 "GET /v2/venues/explore?client_id=P0VECUSYDJB24CHOVK4SH1ZOS3ZC1VO00FZMIHNN0U1HMZT1&client_secret=RAKWBMTXSLUDEJZ53LABSEQFX1CX4E4VQ2RNF0JVFYBOZOZZ&v=20180323&ll=-26.967448555391197+%2C-48.682939817&query=Design+Studio&limit=1000 HTTP/1.1" 200 None
2020-12-17 17:15:30,618  [<stdin>:25]     INFO   <Response [200]>
2020-12-17 17:15:30,619  [<stdin>:28]     INFO   Got data
2020-12-17 17:15:30,620  [<stdin>:31]     INFO   Venues gotten
2020-12-17 17:15:30,651  [<stdin>:52]     INFO   More 11 points of interest
2020-12-17 17:15:30,652  [<stdin>:54]     INFO   292 so far
2020-12-17 17:15:30,652  [<stdin>:45]     INFO   Searching for Shopping Mall
2020-12-17 17:15:30,653  [connectionpool.py:812]     DEBUG  Starting new HTTPS connection (1): api.foursquare.com:443
2020-12-17 17:15:32,353  [connectionpool.py:391]     DEBUG  https://api.foursquare.com:443 "GET /v2/venues/explore?client_id=P0VECUSYDJB24CHOVK4SH1ZOS3ZC1VO00FZMIHNN0U1HMZT1&client_secret=RAKWBMTXSLUDEJZ53LABSEQFX1CX4E4VQ2RNF0JVFYBOZOZZ&v=20180323&ll=-26.967448555391197+%2C-48.682939817&query=Shopping+Mall&limit=1000 HTTP/1.1" 200 None
2020-12-17 17:15:32,360  [<stdin>:25]     INFO   <Response [200]>
2020-12-17 17:15:32,363  [<stdin>:28]     INFO   Got data
2020-12-17 17:15:32,363  [<stdin>:31]     INFO   Venues gotten
2020-12-17 17:15:32,405  [<stdin>:52]     INFO   More 27 points of interest
2020-12-17 17:15:32,406  [<stdin>:54]     INFO   319 so far
2020-12-17 17:15:32,406  [<stdin>:45]     INFO   Searching for Lawyer
2020-12-17 17:15:32,407  [connectionpool.py:812]     DEBUG  Starting new HTTPS connection (1): api.foursquare.com:443
2020-12-17 17:15:33,140  [connectionpool.py:391]     DEBUG  https://api.foursquare.com:443 "GET /v2/venues/explore?client_id=P0VECUSYDJB24CHOVK4SH1ZOS3ZC1VO00FZMIHNN0U1HMZT1&client_secret=RAKWBMTXSLUDEJZ53LABSEQFX1CX4E4VQ2RNF0JVFYBOZOZZ&v=20180323&ll=-26.967448555391197+%2C-48.682939817&query=Lawyer&limit=1000 HTTP/1.1" 200 None
2020-12-17 17:15:33,145  [<stdin>:25]     INFO   <Response [200]>
2020-12-17 17:15:33,147  [<stdin>:28]     INFO   Got data
2020-12-17 17:15:33,148  [<stdin>:31]     INFO   Venues gotten
2020-12-17 17:15:33,179  [<stdin>:52]     INFO   More 17 points of interest
2020-12-17 17:15:33,180  [<stdin>:54]     INFO   336 so far
2020-12-17 17:15:33,180  [<stdin>:45]     INFO   Searching for Boutique
2020-12-17 17:15:33,182  [connectionpool.py:812]     DEBUG  Starting new HTTPS connection (1): api.foursquare.com:443
2020-12-17 17:15:33,854  [connectionpool.py:391]     DEBUG  https://api.foursquare.com:443 "GET /v2/venues/explore?client_id=P0VECUSYDJB24CHOVK4SH1ZOS3ZC1VO00FZMIHNN0U1HMZT1&client_secret=RAKWBMTXSLUDEJZ53LABSEQFX1CX4E4VQ2RNF0JVFYBOZOZZ&v=20180323&ll=-26.967448555391197+%2C-48.682939817&query=Boutique&limit=1000 HTTP/1.1" 200 None
2020-12-17 17:15:33,860  [<stdin>:25]     INFO   <Response [200]>
2020-12-17 17:15:33,864  [<stdin>:28]     INFO   Got data
2020-12-17 17:15:33,864  [<stdin>:31]     INFO   Venues gotten
2020-12-17 17:15:33,905  [<stdin>:52]     INFO   More 28 points of interest
2020-12-17 17:15:33,906  [<stdin>:54]     INFO   364 so far
2020-12-17 17:15:33,906  [<stdin>:45]     INFO   Searching for Shop & Service
2020-12-17 17:15:33,908  [connectionpool.py:812]     DEBUG  Starting new HTTPS connection (1): api.foursquare.com:443
2020-12-17 17:15:34,809  [connectionpool.py:391]     DEBUG  https://api.foursquare.com:443 "GET /v2/venues/explore?client_id=P0VECUSYDJB24CHOVK4SH1ZOS3ZC1VO00FZMIHNN0U1HMZT1&client_secret=RAKWBMTXSLUDEJZ53LABSEQFX1CX4E4VQ2RNF0JVFYBOZOZZ&v=20180323&ll=-26.967448555391197+%2C-48.682939817&query=Shop+%26+Service&limit=1000 HTTP/1.1" 200 None
2020-12-17 17:15:34,816  [<stdin>:25]     INFO   <Response [200]>
2020-12-17 17:15:34,825  [<stdin>:28]     INFO   Got data
2020-12-17 17:15:34,825  [<stdin>:31]     INFO   Venues gotten
2020-12-17 17:15:34,904  [<stdin>:52]     INFO   More 74 points of interest
2020-12-17 17:15:34,905  [<stdin>:54]     INFO   438 so far
2020-12-17 17:15:34,906  [<stdin>:45]     INFO   Searching for Factory
2020-12-17 17:15:34,909  [connectionpool.py:812]     DEBUG  Starting new HTTPS connection (1): api.foursquare.com:443
2020-12-17 17:15:35,524  [connectionpool.py:391]     DEBUG  https://api.foursquare.com:443 "GET /v2/venues/explore?client_id=P0VECUSYDJB24CHOVK4SH1ZOS3ZC1VO00FZMIHNN0U1HMZT1&client_secret=RAKWBMTXSLUDEJZ53LABSEQFX1CX4E4VQ2RNF0JVFYBOZOZZ&v=20180323&ll=-26.967448555391197+%2C-48.682939817&query=Factory&limit=1000 HTTP/1.1" 200 None
2020-12-17 17:15:35,529  [<stdin>:25]     INFO   <Response [200]>
2020-12-17 17:15:35,530  [<stdin>:28]     INFO   Got data
2020-12-17 17:15:35,531  [<stdin>:31]     INFO   Venues gotten
2020-12-17 17:15:35,557  [<stdin>:52]     INFO   More 5 points of interest
2020-12-17 17:15:35,559  [<stdin>:54]     INFO   443 so far
2020-12-17 17:15:35,559  [<stdin>:45]     INFO   Searching for Clothing
2020-12-17 17:15:35,561  [connectionpool.py:812]     DEBUG  Starting new HTTPS connection (1): api.foursquare.com:443
2020-12-17 17:15:36,448  [connectionpool.py:391]     DEBUG  https://api.foursquare.com:443 "GET /v2/venues/explore?client_id=P0VECUSYDJB24CHOVK4SH1ZOS3ZC1VO00FZMIHNN0U1HMZT1&client_secret=RAKWBMTXSLUDEJZ53LABSEQFX1CX4E4VQ2RNF0JVFYBOZOZZ&v=20180323&ll=-26.967448555391197+%2C-48.682939817&query=Clothing&limit=1000 HTTP/1.1" 200 None
2020-12-17 17:15:36,453  [<stdin>:25]     INFO   <Response [200]>
2020-12-17 17:15:36,457  [<stdin>:28]     INFO   Got data
2020-12-17 17:15:36,458  [<stdin>:31]     INFO   Venues gotten
2020-12-17 17:15:36,508  [<stdin>:52]     INFO   More 44 points of interest
2020-12-17 17:15:36,509  [<stdin>:54]     INFO   487 so far
2020-12-17 17:15:36,509  [<stdin>:45]     INFO   Searching for Construction & Landscaping
2020-12-17 17:15:36,510  [connectionpool.py:812]     DEBUG  Starting new HTTPS connection (1): api.foursquare.com:443
2020-12-17 17:15:37,165  [connectionpool.py:391]     DEBUG  https://api.foursquare.com:443 "GET /v2/venues/explore?client_id=P0VECUSYDJB24CHOVK4SH1ZOS3ZC1VO00FZMIHNN0U1HMZT1&client_secret=RAKWBMTXSLUDEJZ53LABSEQFX1CX4E4VQ2RNF0JVFYBOZOZZ&v=20180323&ll=-26.967448555391197+%2C-48.682939817&query=Construction+%26+Landscaping&limit=1000 HTTP/1.1" 200 None
2020-12-17 17:15:37,172  [<stdin>:25]     INFO   <Response [200]>
2020-12-17 17:15:37,174  [<stdin>:28]     INFO   Got data
2020-12-17 17:15:37,175  [<stdin>:31]     INFO   Venues gotten
2020-12-17 17:15:37,213  [<stdin>:52]     INFO   More 32 points of interest
2020-12-17 17:15:37,214  [<stdin>:54]     INFO   519 so far
2020-12-17 17:15:37,214  [<stdin>:45]     INFO   Searching for Nail Salon
2020-12-17 17:15:37,216  [connectionpool.py:812]     DEBUG  Starting new HTTPS connection (1): api.foursquare.com:443
2020-12-17 17:15:37,770  [connectionpool.py:391]     DEBUG  https://api.foursquare.com:443 "GET /v2/venues/explore?client_id=P0VECUSYDJB24CHOVK4SH1ZOS3ZC1VO00FZMIHNN0U1HMZT1&client_secret=RAKWBMTXSLUDEJZ53LABSEQFX1CX4E4VQ2RNF0JVFYBOZOZZ&v=20180323&ll=-26.967448555391197+%2C-48.682939817&query=Nail+Salon&limit=1000 HTTP/1.1" 200 None
2020-12-17 17:15:37,775  [<stdin>:25]     INFO   <Response [200]>
2020-12-17 17:15:37,777  [<stdin>:28]     INFO   Got data
2020-12-17 17:15:37,778  [<stdin>:31]     INFO   Venues gotten
2020-12-17 17:15:37,812  [<stdin>:52]     INFO   More 20 points of interest
2020-12-17 17:15:37,813  [<stdin>:54]     INFO   539 so far
2020-12-17 17:15:37,813  [<stdin>:45]     INFO   Searching for Airport
2020-12-17 17:15:37,814  [connectionpool.py:812]     DEBUG  Starting new HTTPS connection (1): api.foursquare.com:443
2020-12-17 17:15:38,393  [connectionpool.py:391]     DEBUG  https://api.foursquare.com:443 "GET /v2/venues/explore?client_id=P0VECUSYDJB24CHOVK4SH1ZOS3ZC1VO00FZMIHNN0U1HMZT1&client_secret=RAKWBMTXSLUDEJZ53LABSEQFX1CX4E4VQ2RNF0JVFYBOZOZZ&v=20180323&ll=-26.967448555391197+%2C-48.682939817&query=Airport&limit=1000 HTTP/1.1" 200 None
2020-12-17 17:15:38,398  [<stdin>:25]     INFO   <Response [200]>
2020-12-17 17:15:38,402  [<stdin>:28]     INFO   Got data
2020-12-17 17:15:38,402  [<stdin>:31]     INFO   Venues gotten
2020-12-17 17:15:38,446  [<stdin>:52]     INFO   More 30 points of interest
2020-12-17 17:15:38,447  [<stdin>:54]     INFO   569 so far
2020-12-17 17:15:38,447  [<stdin>:45]     INFO   Searching for Market
2020-12-17 17:15:38,448  [connectionpool.py:812]     DEBUG  Starting new HTTPS connection (1): api.foursquare.com:443
2020-12-17 17:15:39,109  [connectionpool.py:391]     DEBUG  https://api.foursquare.com:443 "GET /v2/venues/explore?client_id=P0VECUSYDJB24CHOVK4SH1ZOS3ZC1VO00FZMIHNN0U1HMZT1&client_secret=RAKWBMTXSLUDEJZ53LABSEQFX1CX4E4VQ2RNF0JVFYBOZOZZ&v=20180323&ll=-26.967448555391197+%2C-48.682939817&query=Market&limit=1000 HTTP/1.1" 200 None
2020-12-17 17:15:39,112  [<stdin>:25]     INFO   <Response [200]>
2020-12-17 17:15:39,114  [<stdin>:28]     INFO   Got data
2020-12-17 17:15:39,114  [<stdin>:31]     INFO   Venues gotten
2020-12-17 17:15:39,141  [<stdin>:52]     INFO   More 31 points of interest
2020-12-17 17:15:39,142  [<stdin>:54]     INFO   600 so far
2020-12-17 17:15:39,142  [<stdin>:45]     INFO   Searching for Auto Garage
2020-12-17 17:15:39,143  [connectionpool.py:812]     DEBUG  Starting new HTTPS connection (1): api.foursquare.com:443
2020-12-17 17:15:39,709  [connectionpool.py:391]     DEBUG  https://api.foursquare.com:443 "GET /v2/venues/explore?client_id=P0VECUSYDJB24CHOVK4SH1ZOS3ZC1VO00FZMIHNN0U1HMZT1&client_secret=RAKWBMTXSLUDEJZ53LABSEQFX1CX4E4VQ2RNF0JVFYBOZOZZ&v=20180323&ll=-26.967448555391197+%2C-48.682939817&query=Auto+Garage&limit=1000 HTTP/1.1" 200 None
2020-12-17 17:15:39,717  [<stdin>:25]     INFO   <Response [200]>
2020-12-17 17:15:39,719  [<stdin>:28]     INFO   Got data
2020-12-17 17:15:39,720  [<stdin>:31]     INFO   Venues gotten
2020-12-17 17:15:39,760  [<stdin>:52]     INFO   More 29 points of interest
2020-12-17 17:15:39,761  [<stdin>:54]     INFO   629 so far
2020-12-17 17:15:39,761  [<stdin>:45]     INFO   Searching for Electronics Store
2020-12-17 17:15:39,763  [connectionpool.py:812]     DEBUG  Starting new HTTPS connection (1): api.foursquare.com:443
2020-12-17 17:15:40,375  [connectionpool.py:391]     DEBUG  https://api.foursquare.com:443 "GET /v2/venues/explore?client_id=P0VECUSYDJB24CHOVK4SH1ZOS3ZC1VO00FZMIHNN0U1HMZT1&client_secret=RAKWBMTXSLUDEJZ53LABSEQFX1CX4E4VQ2RNF0JVFYBOZOZZ&v=20180323&ll=-26.967448555391197+%2C-48.682939817&query=Electronics+Store&limit=1000 HTTP/1.1" 200 None
2020-12-17 17:15:40,381  [<stdin>:25]     INFO   <Response [200]>
2020-12-17 17:15:40,383  [<stdin>:28]     INFO   Got data
2020-12-17 17:15:40,383  [<stdin>:31]     INFO   Venues gotten
2020-12-17 17:15:40,423  [<stdin>:52]     INFO   More 26 points of interest
2020-12-17 17:15:40,424  [<stdin>:54]     INFO   655 so far
2020-12-17 17:15:40,424  [<stdin>:45]     INFO   Searching for Bank
2020-12-17 17:15:40,425  [connectionpool.py:812]     DEBUG  Starting new HTTPS connection (1): api.foursquare.com:443
2020-12-17 17:15:41,261  [connectionpool.py:391]     DEBUG  https://api.foursquare.com:443 "GET /v2/venues/explore?client_id=P0VECUSYDJB24CHOVK4SH1ZOS3ZC1VO00FZMIHNN0U1HMZT1&client_secret=RAKWBMTXSLUDEJZ53LABSEQFX1CX4E4VQ2RNF0JVFYBOZOZZ&v=20180323&ll=-26.967448555391197+%2C-48.682939817&query=Bank&limit=1000 HTTP/1.1" 200 None
2020-12-17 17:15:41,266  [<stdin>:25]     INFO   <Response [200]>
2020-12-17 17:15:41,272  [<stdin>:28]     INFO   Got data
2020-12-17 17:15:41,272  [<stdin>:31]     INFO   Venues gotten
2020-12-17 17:15:41,333  [<stdin>:52]     INFO   More 70 points of interest
2020-12-17 17:15:41,334  [<stdin>:54]     INFO   725 so far
2020-12-17 17:15:41,334  [<stdin>:45]     INFO   Searching for Comic Shop
2020-12-17 17:15:41,335  [connectionpool.py:812]     DEBUG  Starting new HTTPS connection (1): api.foursquare.com:443
2020-12-17 17:15:41,965  [connectionpool.py:391]     DEBUG  https://api.foursquare.com:443 "GET /v2/venues/explore?client_id=P0VECUSYDJB24CHOVK4SH1ZOS3ZC1VO00FZMIHNN0U1HMZT1&client_secret=RAKWBMTXSLUDEJZ53LABSEQFX1CX4E4VQ2RNF0JVFYBOZOZZ&v=20180323&ll=-26.967448555391197+%2C-48.682939817&query=Comic+Shop&limit=1000 HTTP/1.1" 200 None
2020-12-17 17:15:41,970  [<stdin>:25]     INFO   <Response [200]>
2020-12-17 17:15:41,971  [<stdin>:28]     INFO   Got data
2020-12-17 17:15:41,972  [<stdin>:31]     INFO   Venues gotten
2020-12-17 17:15:41,995  [<stdin>:52]     INFO   More 2 points of interest
2020-12-17 17:15:41,997  [<stdin>:54]     INFO   727 so far
2020-12-17 17:15:41,997  [<stdin>:45]     INFO   Searching for Shoe Store
2020-12-17 17:15:41,999  [connectionpool.py:812]     DEBUG  Starting new HTTPS connection (1): api.foursquare.com:443
2020-12-17 17:15:42,692  [connectionpool.py:391]     DEBUG  https://api.foursquare.com:443 "GET /v2/venues/explore?client_id=P0VECUSYDJB24CHOVK4SH1ZOS3ZC1VO00FZMIHNN0U1HMZT1&client_secret=RAKWBMTXSLUDEJZ53LABSEQFX1CX4E4VQ2RNF0JVFYBOZOZZ&v=20180323&ll=-26.967448555391197+%2C-48.682939817&query=Shoe+Store&limit=1000 HTTP/1.1" 200 None
2020-12-17 17:15:42,698  [<stdin>:25]     INFO   <Response [200]>
2020-12-17 17:15:42,701  [<stdin>:28]     INFO   Got data
2020-12-17 17:15:42,702  [<stdin>:31]     INFO   Venues gotten
2020-12-17 17:15:42,733  [<stdin>:52]     INFO   More 28 points of interest
2020-12-17 17:15:42,734  [<stdin>:54]     INFO   755 so far
2020-12-17 17:15:42,734  [<stdin>:45]     INFO   Searching for Department Store
2020-12-17 17:15:42,736  [connectionpool.py:812]     DEBUG  Starting new HTTPS connection (1): api.foursquare.com:443
2020-12-17 17:15:43,410  [connectionpool.py:391]     DEBUG  https://api.foursquare.com:443 "GET /v2/venues/explore?client_id=P0VECUSYDJB24CHOVK4SH1ZOS3ZC1VO00FZMIHNN0U1HMZT1&client_secret=RAKWBMTXSLUDEJZ53LABSEQFX1CX4E4VQ2RNF0JVFYBOZOZZ&v=20180323&ll=-26.967448555391197+%2C-48.682939817&query=Department+Store&limit=1000 HTTP/1.1" 200 None
2020-12-17 17:15:43,416  [<stdin>:25]     INFO   <Response [200]>
2020-12-17 17:15:43,421  [<stdin>:28]     INFO   Got data
2020-12-17 17:15:43,421  [<stdin>:31]     INFO   Venues gotten
2020-12-17 17:15:43,461  [<stdin>:52]     INFO   More 28 points of interest
2020-12-17 17:15:43,462  [<stdin>:54]     INFO   783 so far
2020-12-17 17:15:43,462  [<stdin>:45]     INFO   Searching for Shop
2020-12-17 17:15:43,464  [connectionpool.py:812]     DEBUG  Starting new HTTPS connection (1): api.foursquare.com:443
2020-12-17 17:15:44,435  [connectionpool.py:391]     DEBUG  https://api.foursquare.com:443 "GET /v2/venues/explore?client_id=P0VECUSYDJB24CHOVK4SH1ZOS3ZC1VO00FZMIHNN0U1HMZT1&client_secret=RAKWBMTXSLUDEJZ53LABSEQFX1CX4E4VQ2RNF0JVFYBOZOZZ&v=20180323&ll=-26.967448555391197+%2C-48.682939817&query=Shop&limit=1000 HTTP/1.1" 200 None
2020-12-17 17:15:44,441  [<stdin>:25]     INFO   <Response [200]>
2020-12-17 17:15:44,447  [<stdin>:28]     INFO   Got data
2020-12-17 17:15:44,448  [<stdin>:31]     INFO   Venues gotten
2020-12-17 17:15:44,511  [<stdin>:52]     INFO   More 74 points of interest
2020-12-17 17:15:44,512  [<stdin>:54]     INFO   857 so far
2020-12-17 17:15:44,512  [<stdin>:45]     INFO   Searching for Automotive Shop
2020-12-17 17:15:44,513  [connectionpool.py:812]     DEBUG  Starting new HTTPS connection (1): api.foursquare.com:443
2020-12-17 17:15:45,196  [connectionpool.py:391]     DEBUG  https://api.foursquare.com:443 "GET /v2/venues/explore?client_id=P0VECUSYDJB24CHOVK4SH1ZOS3ZC1VO00FZMIHNN0U1HMZT1&client_secret=RAKWBMTXSLUDEJZ53LABSEQFX1CX4E4VQ2RNF0JVFYBOZOZZ&v=20180323&ll=-26.967448555391197+%2C-48.682939817&query=Automotive+Shop&limit=1000 HTTP/1.1" 200 None
2020-12-17 17:15:45,204  [<stdin>:25]     INFO   <Response [200]>
2020-12-17 17:15:45,207  [<stdin>:28]     INFO   Got data
2020-12-17 17:15:45,208  [<stdin>:31]     INFO   Venues gotten
2020-12-17 17:15:45,249  [<stdin>:52]     INFO   More 33 points of interest
2020-12-17 17:15:45,250  [<stdin>:54]     INFO   890 so far
2020-12-17 17:15:45,250  [<stdin>:45]     INFO   Searching for Supermarket
2020-12-17 17:15:45,251  [connectionpool.py:812]     DEBUG  Starting new HTTPS connection (1): api.foursquare.com:443
2020-12-17 17:15:46,482  [connectionpool.py:391]     DEBUG  https://api.foursquare.com:443 "GET /v2/venues/explore?client_id=P0VECUSYDJB24CHOVK4SH1ZOS3ZC1VO00FZMIHNN0U1HMZT1&client_secret=RAKWBMTXSLUDEJZ53LABSEQFX1CX4E4VQ2RNF0JVFYBOZOZZ&v=20180323&ll=-26.967448555391197+%2C-48.682939817&query=Supermarket&limit=1000 HTTP/1.1" 200 None
2020-12-17 17:15:46,487  [<stdin>:25]     INFO   <Response [200]>
2020-12-17 17:15:46,490  [<stdin>:28]     INFO   Got data
2020-12-17 17:15:46,491  [<stdin>:31]     INFO   Venues gotten
2020-12-17 17:15:46,529  [<stdin>:52]     INFO   More 33 points of interest
2020-12-17 17:15:46,530  [<stdin>:54]     INFO   923 so far
2020-12-17 17:15:46,530  [<stdin>:45]     INFO   Searching for Furniture / Home Store
2020-12-17 17:15:46,532  [connectionpool.py:812]     DEBUG  Starting new HTTPS connection (1): api.foursquare.com:443
2020-12-17 17:15:47,302  [connectionpool.py:391]     DEBUG  https://api.foursquare.com:443 "GET /v2/venues/explore?client_id=P0VECUSYDJB24CHOVK4SH1ZOS3ZC1VO00FZMIHNN0U1HMZT1&client_secret=RAKWBMTXSLUDEJZ53LABSEQFX1CX4E4VQ2RNF0JVFYBOZOZZ&v=20180323&ll=-26.967448555391197+%2C-48.682939817&query=Furniture+%2F+Home+Store&limit=1000 HTTP/1.1" 200 None
2020-12-17 17:15:47,308  [<stdin>:25]     INFO   <Response [200]>
2020-12-17 17:15:47,311  [<stdin>:28]     INFO   Got data
2020-12-17 17:15:47,312  [<stdin>:31]     INFO   Venues gotten
2020-12-17 17:15:47,357  [<stdin>:52]     INFO   More 41 points of interest
2020-12-17 17:15:47,358  [<stdin>:54]     INFO   964 so far
2020-12-17 17:15:47,358  [<stdin>:45]     INFO   Searching for Insurance Office
2020-12-17 17:15:47,360  [connectionpool.py:812]     DEBUG  Starting new HTTPS connection (1): api.foursquare.com:443
2020-12-17 17:15:47,897  [connectionpool.py:391]     DEBUG  https://api.foursquare.com:443 "GET /v2/venues/explore?client_id=P0VECUSYDJB24CHOVK4SH1ZOS3ZC1VO00FZMIHNN0U1HMZT1&client_secret=RAKWBMTXSLUDEJZ53LABSEQFX1CX4E4VQ2RNF0JVFYBOZOZZ&v=20180323&ll=-26.967448555391197+%2C-48.682939817&query=Insurance+Office&limit=1000 HTTP/1.1" 200 None
2020-12-17 17:15:47,929  [<stdin>:25]     INFO   <Response [200]>
2020-12-17 17:15:47,930  [<stdin>:28]     INFO   Got data
2020-12-17 17:15:47,931  [<stdin>:31]     INFO   Venues gotten
2020-12-17 17:15:47,955  [<stdin>:52]     INFO   More 4 points of interest
2020-12-17 17:15:47,957  [<stdin>:54]     INFO   968 so far
2020-12-17 17:15:47,957  [<stdin>:45]     INFO   Searching for Office
2020-12-17 17:15:47,959  [connectionpool.py:812]     DEBUG  Starting new HTTPS connection (1): api.foursquare.com:443
2020-12-17 17:15:48,566  [connectionpool.py:391]     DEBUG  https://api.foursquare.com:443 "GET /v2/venues/explore?client_id=P0VECUSYDJB24CHOVK4SH1ZOS3ZC1VO00FZMIHNN0U1HMZT1&client_secret=RAKWBMTXSLUDEJZ53LABSEQFX1CX4E4VQ2RNF0JVFYBOZOZZ&v=20180323&ll=-26.967448555391197+%2C-48.682939817&query=Office&limit=1000 HTTP/1.1" 200 None
2020-12-17 17:15:48,570  [<stdin>:25]     INFO   <Response [200]>
2020-12-17 17:15:48,572  [<stdin>:28]     INFO   Got data
2020-12-17 17:15:48,572  [<stdin>:31]     INFO   Venues gotten
2020-12-17 17:15:48,598  [<stdin>:52]     INFO   More 4 points of interest
2020-12-17 17:15:48,600  [<stdin>:54]     INFO   972 so far
2020-12-17 17:15:48,600  [<stdin>:45]     INFO   Searching for Health & Beauty Service
2020-12-17 17:15:48,602  [connectionpool.py:812]     DEBUG  Starting new HTTPS connection (1): api.foursquare.com:443
2020-12-17 17:15:49,247  [connectionpool.py:391]     DEBUG  https://api.foursquare.com:443 "GET /v2/venues/explore?client_id=P0VECUSYDJB24CHOVK4SH1ZOS3ZC1VO00FZMIHNN0U1HMZT1&client_secret=RAKWBMTXSLUDEJZ53LABSEQFX1CX4E4VQ2RNF0JVFYBOZOZZ&v=20180323&ll=-26.967448555391197+%2C-48.682939817&query=Health+%26+Beauty+Service&limit=1000 HTTP/1.1" 200 None
2020-12-17 17:15:49,253  [<stdin>:25]     INFO   <Response [200]>
2020-12-17 17:15:49,256  [<stdin>:28]     INFO   Got data
2020-12-17 17:15:49,257  [<stdin>:31]     INFO   Venues gotten
2020-12-17 17:15:49,294  [<stdin>:52]     INFO   More 21 points of interest
2020-12-17 17:15:49,294  [<stdin>:54]     INFO   993 so far
2020-12-17 17:15:49,295  [<stdin>:45]     INFO   Searching for Men's Store
2020-12-17 17:15:49,296  [connectionpool.py:812]     DEBUG  Starting new HTTPS connection (1): api.foursquare.com:443
2020-12-17 17:15:50,065  [connectionpool.py:391]     DEBUG  https://api.foursquare.com:443 "GET /v2/venues/explore?client_id=P0VECUSYDJB24CHOVK4SH1ZOS3ZC1VO00FZMIHNN0U1HMZT1&client_secret=RAKWBMTXSLUDEJZ53LABSEQFX1CX4E4VQ2RNF0JVFYBOZOZZ&v=20180323&ll=-26.967448555391197+%2C-48.682939817&query=Men%27s+Store&limit=1000 HTTP/1.1" 200 None
2020-12-17 17:15:50,070  [<stdin>:25]     INFO   <Response [200]>
2020-12-17 17:15:50,072  [<stdin>:28]     INFO   Got data
2020-12-17 17:15:50,072  [<stdin>:31]     INFO   Venues gotten
2020-12-17 17:15:50,104  [<stdin>:52]     INFO   More 10 points of interest
2020-12-17 17:15:50,106  [<stdin>:54]     INFO   1003 so far
2020-12-17 17:15:50,106  [<stdin>:45]     INFO   Searching for Public Art
2020-12-17 17:15:50,107  [connectionpool.py:812]     DEBUG  Starting new HTTPS connection (1): api.foursquare.com:443
2020-12-17 17:15:50,782  [connectionpool.py:391]     DEBUG  https://api.foursquare.com:443 "GET /v2/venues/explore?client_id=P0VECUSYDJB24CHOVK4SH1ZOS3ZC1VO00FZMIHNN0U1HMZT1&client_secret=RAKWBMTXSLUDEJZ53LABSEQFX1CX4E4VQ2RNF0JVFYBOZOZZ&v=20180323&ll=-26.967448555391197+%2C-48.682939817&query=Public+Art&limit=1000 HTTP/1.1" 200 None
2020-12-17 17:15:50,787  [<stdin>:25]     INFO   <Response [200]>
2020-12-17 17:15:50,789  [<stdin>:28]     INFO   Got data
2020-12-17 17:15:50,789  [<stdin>:31]     INFO   Venues gotten
2020-12-17 17:15:50,817  [<stdin>:52]     INFO   More 7 points of interest
2020-12-17 17:15:50,819  [<stdin>:54]     INFO   1010 so far
2020-12-17 17:15:50,819  [<stdin>:45]     INFO   Searching for Pharmacy
2020-12-17 17:15:50,821  [connectionpool.py:812]     DEBUG  Starting new HTTPS connection (1): api.foursquare.com:443
2020-12-17 17:15:51,601  [connectionpool.py:391]     DEBUG  https://api.foursquare.com:443 "GET /v2/venues/explore?client_id=P0VECUSYDJB24CHOVK4SH1ZOS3ZC1VO00FZMIHNN0U1HMZT1&client_secret=RAKWBMTXSLUDEJZ53LABSEQFX1CX4E4VQ2RNF0JVFYBOZOZZ&v=20180323&ll=-26.967448555391197+%2C-48.682939817&query=Pharmacy&limit=1000 HTTP/1.1" 200 None
2020-12-17 17:15:51,607  [<stdin>:25]     INFO   <Response [200]>
2020-12-17 17:15:51,613  [<stdin>:28]     INFO   Got data
2020-12-17 17:15:51,613  [<stdin>:31]     INFO   Venues gotten
2020-12-17 17:15:51,670  [<stdin>:52]     INFO   More 59 points of interest
2020-12-17 17:15:51,670  [<stdin>:54]     INFO   1069 so far
2020-12-17 17:15:51,671  [<stdin>:45]     INFO   Searching for Motorcycle Shop
2020-12-17 17:15:51,672  [connectionpool.py:812]     DEBUG  Starting new HTTPS connection (1): api.foursquare.com:443
2020-12-17 17:15:52,319  [connectionpool.py:391]     DEBUG  https://api.foursquare.com:443 "GET /v2/venues/explore?client_id=P0VECUSYDJB24CHOVK4SH1ZOS3ZC1VO00FZMIHNN0U1HMZT1&client_secret=RAKWBMTXSLUDEJZ53LABSEQFX1CX4E4VQ2RNF0JVFYBOZOZZ&v=20180323&ll=-26.967448555391197+%2C-48.682939817&query=Motorcycle+Shop&limit=1000 HTTP/1.1" 200 None
2020-12-17 17:15:52,324  [<stdin>:25]     INFO   <Response [200]>
2020-12-17 17:15:52,326  [<stdin>:28]     INFO   Got data
2020-12-17 17:15:52,327  [<stdin>:31]     INFO   Venues gotten
2020-12-17 17:15:52,365  [<stdin>:52]     INFO   More 24 points of interest
2020-12-17 17:15:52,366  [<stdin>:54]     INFO   1093 so far
2020-12-17 17:15:52,366  [<stdin>:45]     INFO   Searching for Auto Workshop
2020-12-17 17:15:52,368  [connectionpool.py:812]     DEBUG  Starting new HTTPS connection (1): api.foursquare.com:443
2020-12-17 17:15:52,933  [connectionpool.py:391]     DEBUG  https://api.foursquare.com:443 "GET /v2/venues/explore?client_id=P0VECUSYDJB24CHOVK4SH1ZOS3ZC1VO00FZMIHNN0U1HMZT1&client_secret=RAKWBMTXSLUDEJZ53LABSEQFX1CX4E4VQ2RNF0JVFYBOZOZZ&v=20180323&ll=-26.967448555391197+%2C-48.682939817&query=Auto+Workshop&limit=1000 HTTP/1.1" 200 None
2020-12-17 17:15:52,939  [<stdin>:25]     INFO   <Response [200]>
2020-12-17 17:15:52,940  [<stdin>:28]     INFO   Got data
2020-12-17 17:15:52,941  [<stdin>:31]     INFO   Venues gotten
2020-12-17 17:15:52,965  [<stdin>:52]     INFO   More 4 points of interest
2020-12-17 17:15:52,967  [<stdin>:54]     INFO   1097 so far
2020-12-17 17:15:52,967  [<stdin>:45]     INFO   Searching for University
2020-12-17 17:15:52,970  [connectionpool.py:812]     DEBUG  Starting new HTTPS connection (1): api.foursquare.com:443
2020-12-17 17:15:54,044  [connectionpool.py:391]     DEBUG  https://api.foursquare.com:443 "GET /v2/venues/explore?client_id=P0VECUSYDJB24CHOVK4SH1ZOS3ZC1VO00FZMIHNN0U1HMZT1&client_secret=RAKWBMTXSLUDEJZ53LABSEQFX1CX4E4VQ2RNF0JVFYBOZOZZ&v=20180323&ll=-26.967448555391197+%2C-48.682939817&query=University&limit=1000 HTTP/1.1" 200 None
2020-12-17 17:15:54,051  [<stdin>:25]     INFO   <Response [200]>
2020-12-17 17:15:54,054  [<stdin>:28]     INFO   Got data
2020-12-17 17:15:54,054  [<stdin>:31]     INFO   Venues gotten
2020-12-17 17:15:54,076  [<stdin>:52]     INFO   More 18 points of interest
2020-12-17 17:15:54,077  [<stdin>:54]     INFO   1115 so far
2020-12-17 17:15:54,077  [<stdin>:45]     INFO   Searching for Convenience Store
2020-12-17 17:15:54,079  [connectionpool.py:812]     DEBUG  Starting new HTTPS connection (1): api.foursquare.com:443
2020-12-17 17:15:55,190  [connectionpool.py:391]     DEBUG  https://api.foursquare.com:443 "GET /v2/venues/explore?client_id=P0VECUSYDJB24CHOVK4SH1ZOS3ZC1VO00FZMIHNN0U1HMZT1&client_secret=RAKWBMTXSLUDEJZ53LABSEQFX1CX4E4VQ2RNF0JVFYBOZOZZ&v=20180323&ll=-26.967448555391197+%2C-48.682939817&query=Convenience+Store&limit=1000 HTTP/1.1" 200 None
2020-12-17 17:15:55,197  [<stdin>:25]     INFO   <Response [200]>
2020-12-17 17:15:55,201  [<stdin>:28]     INFO   Got data
2020-12-17 17:15:55,202  [<stdin>:31]     INFO   Venues gotten
2020-12-17 17:15:55,241  [<stdin>:52]     INFO   More 37 points of interest
2020-12-17 17:15:55,242  [<stdin>:54]     INFO   1152 so far
2020-12-17 17:15:55,242  [<stdin>:45]     INFO   Searching for Drugstore
2020-12-17 17:15:55,244  [connectionpool.py:812]     DEBUG  Starting new HTTPS connection (1): api.foursquare.com:443
2020-12-17 17:15:56,014  [connectionpool.py:391]     DEBUG  https://api.foursquare.com:443 "GET /v2/venues/explore?client_id=P0VECUSYDJB24CHOVK4SH1ZOS3ZC1VO00FZMIHNN0U1HMZT1&client_secret=RAKWBMTXSLUDEJZ53LABSEQFX1CX4E4VQ2RNF0JVFYBOZOZZ&v=20180323&ll=-26.967448555391197+%2C-48.682939817&query=Drugstore&limit=1000 HTTP/1.1" 200 None
2020-12-17 17:15:56,020  [<stdin>:25]     INFO   <Response [200]>
2020-12-17 17:15:56,026  [<stdin>:28]     INFO   Got data
2020-12-17 17:15:56,027  [<stdin>:31]     INFO   Venues gotten
2020-12-17 17:15:56,083  [<stdin>:52]     INFO   More 61 points of interest
2020-12-17 17:15:56,084  [<stdin>:54]     INFO   1213 so far
2020-12-17 17:15:56,084  [<stdin>:45]     INFO   Searching for Hospital
2020-12-17 17:15:56,085  [connectionpool.py:812]     DEBUG  Starting new HTTPS connection (1): api.foursquare.com:443
2020-12-17 17:15:56,725  [connectionpool.py:391]     DEBUG  https://api.foursquare.com:443 "GET /v2/venues/explore?client_id=P0VECUSYDJB24CHOVK4SH1ZOS3ZC1VO00FZMIHNN0U1HMZT1&client_secret=RAKWBMTXSLUDEJZ53LABSEQFX1CX4E4VQ2RNF0JVFYBOZOZZ&v=20180323&ll=-26.967448555391197+%2C-48.682939817&query=Hospital&limit=1000 HTTP/1.1" 200 None
2020-12-17 17:15:56,731  [<stdin>:25]     INFO   <Response [200]>
2020-12-17 17:15:56,733  [<stdin>:28]     INFO   Got data
2020-12-17 17:15:56,734  [<stdin>:31]     INFO   Venues gotten
2020-12-17 17:15:56,769  [<stdin>:52]     INFO   More 24 points of interest
2020-12-17 17:15:56,770  [<stdin>:54]     INFO   1237 so far
2020-12-17 17:15:56,770  [<stdin>:45]     INFO   Searching for Clothing Store
2020-12-17 17:15:56,771  [connectionpool.py:812]     DEBUG  Starting new HTTPS connection (1): api.foursquare.com:443
2020-12-17 17:15:57,541  [connectionpool.py:391]     DEBUG  https://api.foursquare.com:443 "GET /v2/venues/explore?client_id=P0VECUSYDJB24CHOVK4SH1ZOS3ZC1VO00FZMIHNN0U1HMZT1&client_secret=RAKWBMTXSLUDEJZ53LABSEQFX1CX4E4VQ2RNF0JVFYBOZOZZ&v=20180323&ll=-26.967448555391197+%2C-48.682939817&query=Clothing+Store&limit=1000 HTTP/1.1" 200 None
2020-12-17 17:15:57,547  [<stdin>:25]     INFO   <Response [200]>
2020-12-17 17:15:57,552  [<stdin>:28]     INFO   Got data
2020-12-17 17:15:57,553  [<stdin>:31]     INFO   Venues gotten
2020-12-17 17:15:57,603  [<stdin>:52]     INFO   More 44 points of interest
2020-12-17 17:15:57,604  [<stdin>:54]     INFO   1281 so far
2020-12-17 17:15:57,604  [<stdin>:45]     INFO   Searching for Fruit & Vegetable Store
2020-12-17 17:15:57,606  [connectionpool.py:812]     DEBUG  Starting new HTTPS connection (1): api.foursquare.com:443
2020-12-17 17:15:58,359  [connectionpool.py:391]     DEBUG  https://api.foursquare.com:443 "GET /v2/venues/explore?client_id=P0VECUSYDJB24CHOVK4SH1ZOS3ZC1VO00FZMIHNN0U1HMZT1&client_secret=RAKWBMTXSLUDEJZ53LABSEQFX1CX4E4VQ2RNF0JVFYBOZOZZ&v=20180323&ll=-26.967448555391197+%2C-48.682939817&query=Fruit+%26+Vegetable+Store&limit=1000 HTTP/1.1" 200 None
2020-12-17 17:15:58,366  [<stdin>:25]     INFO   <Response [200]>
2020-12-17 17:15:58,367  [<stdin>:28]     INFO   Got data
2020-12-17 17:15:58,368  [<stdin>:31]     INFO   Venues gotten
2020-12-17 17:15:58,388  [<stdin>:52]     INFO   More 4 points of interest
2020-12-17 17:15:58,390  [<stdin>:54]     INFO   1285 so far
2020-12-17 17:15:58,390  [<stdin>:45]     INFO   Searching for School
2020-12-17 17:15:58,392  [connectionpool.py:812]     DEBUG  Starting new HTTPS connection (1): api.foursquare.com:443
2020-12-17 17:15:59,162  [connectionpool.py:391]     DEBUG  https://api.foursquare.com:443 "GET /v2/venues/explore?client_id=P0VECUSYDJB24CHOVK4SH1ZOS3ZC1VO00FZMIHNN0U1HMZT1&client_secret=RAKWBMTXSLUDEJZ53LABSEQFX1CX4E4VQ2RNF0JVFYBOZOZZ&v=20180323&ll=-26.967448555391197+%2C-48.682939817&query=School&limit=1000 HTTP/1.1" 200 None
2020-12-17 17:15:59,167  [<stdin>:25]     INFO   <Response [200]>
2020-12-17 17:15:59,172  [<stdin>:28]     INFO   Got data
2020-12-17 17:15:59,173  [<stdin>:31]     INFO   Venues gotten
2020-12-17 17:15:59,233  [<stdin>:52]     INFO   More 66 points of interest
2020-12-17 17:15:59,233  [<stdin>:54]     INFO   1351 so far
2020-12-17 17:15:59,234  [<stdin>:45]     INFO   Searching for Stadium
2020-12-17 17:15:59,235  [connectionpool.py:812]     DEBUG  Starting new HTTPS connection (1): api.foursquare.com:443
2020-12-17 17:15:59,916  [connectionpool.py:391]     DEBUG  https://api.foursquare.com:443 "GET /v2/venues/explore?client_id=P0VECUSYDJB24CHOVK4SH1ZOS3ZC1VO00FZMIHNN0U1HMZT1&client_secret=RAKWBMTXSLUDEJZ53LABSEQFX1CX4E4VQ2RNF0JVFYBOZOZZ&v=20180323&ll=-26.967448555391197+%2C-48.682939817&query=Stadium&limit=1000 HTTP/1.1" 200 None
2020-12-17 17:15:59,922  [<stdin>:25]     INFO   <Response [200]>
2020-12-17 17:15:59,924  [<stdin>:28]     INFO   Got data
2020-12-17 17:15:59,925  [<stdin>:31]     INFO   Venues gotten
2020-12-17 17:15:59,954  [<stdin>:52]     INFO   More 19 points of interest
2020-12-17 17:15:59,955  [<stdin>:54]     INFO   1370 so far
2020-12-17 17:15:59,955  [<stdin>:45]     INFO   Searching for Arts & Entertainment
2020-12-17 17:15:59,957  [connectionpool.py:812]     DEBUG  Starting new HTTPS connection (1): api.foursquare.com:443
2020-12-17 17:16:00,533  [connectionpool.py:391]     DEBUG  https://api.foursquare.com:443 "GET /v2/venues/explore?client_id=P0VECUSYDJB24CHOVK4SH1ZOS3ZC1VO00FZMIHNN0U1HMZT1&client_secret=RAKWBMTXSLUDEJZ53LABSEQFX1CX4E4VQ2RNF0JVFYBOZOZZ&v=20180323&ll=-26.967448555391197+%2C-48.682939817&query=Arts+%26+Entertainment&limit=1000 HTTP/1.1" 200 None
2020-12-17 17:16:00,535  [<stdin>:25]     INFO   <Response [200]>
2020-12-17 17:16:00,535  [<stdin>:28]     INFO   Got data
2020-12-17 17:16:00,536  [<stdin>:31]     INFO   Venues gotten
2020-12-17 17:16:00,547  [<stdin>:52]     INFO   More 6 points of interest
2020-12-17 17:16:00,548  [<stdin>:54]     INFO   1376 so far
2020-12-17 17:16:00,548  [<stdin>:45]     INFO   Searching for Accessories Store
2020-12-17 17:16:00,550  [connectionpool.py:812]     DEBUG  Starting new HTTPS connection (1): api.foursquare.com:443
2020-12-17 17:16:01,079  [connectionpool.py:391]     DEBUG  https://api.foursquare.com:443 "GET /v2/venues/explore?client_id=P0VECUSYDJB24CHOVK4SH1ZOS3ZC1VO00FZMIHNN0U1HMZT1&client_secret=RAKWBMTXSLUDEJZ53LABSEQFX1CX4E4VQ2RNF0JVFYBOZOZZ&v=20180323&ll=-26.967448555391197+%2C-48.682939817&query=Accessories+Store&limit=1000 HTTP/1.1" 200 None
2020-12-17 17:16:01,083  [<stdin>:25]     INFO   <Response [200]>
2020-12-17 17:16:01,084  [<stdin>:28]     INFO   Got data
2020-12-17 17:16:01,084  [<stdin>:31]     INFO   Venues gotten
2020-12-17 17:16:01,093  [<stdin>:52]     INFO   More 9 points of interest
2020-12-17 17:16:01,094  [<stdin>:54]     INFO   1385 so far
2020-12-17 17:16:01,094  [<stdin>:45]     INFO   Searching for Tattoo Parlor
2020-12-17 17:16:01,096  [connectionpool.py:812]     DEBUG  Starting new HTTPS connection (1): api.foursquare.com:443
2020-12-17 17:16:01,829  [connectionpool.py:391]     DEBUG  https://api.foursquare.com:443 "GET /v2/venues/explore?client_id=P0VECUSYDJB24CHOVK4SH1ZOS3ZC1VO00FZMIHNN0U1HMZT1&client_secret=RAKWBMTXSLUDEJZ53LABSEQFX1CX4E4VQ2RNF0JVFYBOZOZZ&v=20180323&ll=-26.967448555391197+%2C-48.682939817&query=Tattoo+Parlor&limit=1000 HTTP/1.1" 200 None
2020-12-17 17:16:01,831  [<stdin>:25]     INFO   <Response [200]>
2020-12-17 17:16:01,832  [<stdin>:28]     INFO   Got data
2020-12-17 17:16:01,832  [<stdin>:31]     INFO   Venues gotten
2020-12-17 17:16:01,846  [<stdin>:52]     INFO   More 12 points of interest
2020-12-17 17:16:01,848  [<stdin>:54]     INFO   1397 so far
2020-12-17 17:16:01,848  [<stdin>:45]     INFO   Searching for Newsstand
2020-12-17 17:16:01,850  [connectionpool.py:812]     DEBUG  Starting new HTTPS connection (1): api.foursquare.com:443
2020-12-17 17:16:02,382  [connectionpool.py:391]     DEBUG  https://api.foursquare.com:443 "GET /v2/venues/explore?client_id=P0VECUSYDJB24CHOVK4SH1ZOS3ZC1VO00FZMIHNN0U1HMZT1&client_secret=RAKWBMTXSLUDEJZ53LABSEQFX1CX4E4VQ2RNF0JVFYBOZOZZ&v=20180323&ll=-26.967448555391197+%2C-48.682939817&query=Newsstand&limit=1000 HTTP/1.1" 200 None
2020-12-17 17:16:02,384  [<stdin>:25]     INFO   <Response [200]>
2020-12-17 17:16:02,385  [<stdin>:28]     INFO   Got data
2020-12-17 17:16:02,385  [<stdin>:31]     INFO   Venues gotten
2020-12-17 17:16:02,395  [<stdin>:52]     INFO   More 5 points of interest
2020-12-17 17:16:02,397  [<stdin>:54]     INFO   1402 so far
2020-12-17 17:16:02,397  [<stdin>:45]     INFO   Searching for Food & Drink Shop
2020-12-17 17:16:02,398  [connectionpool.py:812]     DEBUG  Starting new HTTPS connection (1): api.foursquare.com:443
2020-12-17 17:16:03,172  [connectionpool.py:391]     DEBUG  https://api.foursquare.com:443 "GET /v2/venues/explore?client_id=P0VECUSYDJB24CHOVK4SH1ZOS3ZC1VO00FZMIHNN0U1HMZT1&client_secret=RAKWBMTXSLUDEJZ53LABSEQFX1CX4E4VQ2RNF0JVFYBOZOZZ&v=20180323&ll=-26.967448555391197+%2C-48.682939817&query=Food+%26+Drink+Shop&limit=1000 HTTP/1.1" 200 None
2020-12-17 17:16:03,175  [<stdin>:25]     INFO   <Response [200]>
2020-12-17 17:16:03,177  [<stdin>:28]     INFO   Got data
2020-12-17 17:16:03,177  [<stdin>:31]     INFO   Venues gotten
2020-12-17 17:16:03,216  [<stdin>:52]     INFO   More 31 points of interest
2020-12-17 17:16:03,217  [<stdin>:54]     INFO   1433 so far
2020-12-17 17:16:03,217  [<stdin>:45]     INFO   Searching for Financial or Legal Service
2020-12-17 17:16:03,218  [connectionpool.py:812]     DEBUG  Starting new HTTPS connection (1): api.foursquare.com:443
2020-12-17 17:16:03,787  [connectionpool.py:391]     DEBUG  https://api.foursquare.com:443 "GET /v2/venues/explore?client_id=P0VECUSYDJB24CHOVK4SH1ZOS3ZC1VO00FZMIHNN0U1HMZT1&client_secret=RAKWBMTXSLUDEJZ53LABSEQFX1CX4E4VQ2RNF0JVFYBOZOZZ&v=20180323&ll=-26.967448555391197+%2C-48.682939817&query=Financial+or+Legal+Service&limit=1000 HTTP/1.1" 200 None
2020-12-17 17:16:03,794  [<stdin>:25]     INFO   <Response [200]>
2020-12-17 17:16:03,795  [<stdin>:28]     INFO   Got data
2020-12-17 17:16:03,796  [<stdin>:31]     INFO   Venues gotten
2020-12-17 17:16:03,821  [<stdin>:52]     INFO   More 18 points of interest
2020-12-17 17:16:03,823  [<stdin>:54]     INFO   1451 so far
2020-12-17 17:16:03,824  [<stdin>:45]     INFO   Searching for Bed & Breakfast
2020-12-17 17:16:03,825  [connectionpool.py:812]     DEBUG  Starting new HTTPS connection (1): api.foursquare.com:443
2020-12-17 17:16:04,372  [connectionpool.py:391]     DEBUG  https://api.foursquare.com:443 "GET /v2/venues/explore?client_id=P0VECUSYDJB24CHOVK4SH1ZOS3ZC1VO00FZMIHNN0U1HMZT1&client_secret=RAKWBMTXSLUDEJZ53LABSEQFX1CX4E4VQ2RNF0JVFYBOZOZZ&v=20180323&ll=-26.967448555391197+%2C-48.682939817&query=Bed+%26+Breakfast&limit=1000 HTTP/1.1" 200 None
2020-12-17 17:16:04,375  [<stdin>:25]     INFO   <Response [200]>
2020-12-17 17:16:04,376  [<stdin>:28]     INFO   Got data
2020-12-17 17:16:04,376  [<stdin>:31]     INFO   Venues gotten
2020-12-17 17:16:04,393  [<stdin>:52]     INFO   More 13 points of interest
2020-12-17 17:16:04,394  [<stdin>:54]     INFO   1464 so far
2020-12-17 17:16:04,394  [<stdin>:45]     INFO   Searching for Mobile Phone Shop
2020-12-17 17:16:04,396  [connectionpool.py:812]     DEBUG  Starting new HTTPS connection (1): api.foursquare.com:443
2020-12-17 17:16:04,955  [connectionpool.py:391]     DEBUG  https://api.foursquare.com:443 "GET /v2/venues/explore?client_id=P0VECUSYDJB24CHOVK4SH1ZOS3ZC1VO00FZMIHNN0U1HMZT1&client_secret=RAKWBMTXSLUDEJZ53LABSEQFX1CX4E4VQ2RNF0JVFYBOZOZZ&v=20180323&ll=-26.967448555391197+%2C-48.682939817&query=Mobile+Phone+Shop&limit=1000 HTTP/1.1" 200 None
2020-12-17 17:16:04,957  [<stdin>:25]     INFO   <Response [200]>
2020-12-17 17:16:04,958  [<stdin>:28]     INFO   Got data
2020-12-17 17:16:04,959  [<stdin>:31]     INFO   Venues gotten
2020-12-17 17:16:04,983  [<stdin>:52]     INFO   More 15 points of interest
2020-12-17 17:16:04,986  [<stdin>:54]     INFO   1479 so far
2020-12-17 17:16:04,986  [<stdin>:45]     INFO   Searching for Music Venue
2020-12-17 17:16:04,989  [connectionpool.py:812]     DEBUG  Starting new HTTPS connection (1): api.foursquare.com:443
2020-12-17 17:16:05,544  [connectionpool.py:391]     DEBUG  https://api.foursquare.com:443 "GET /v2/venues/explore?client_id=P0VECUSYDJB24CHOVK4SH1ZOS3ZC1VO00FZMIHNN0U1HMZT1&client_secret=RAKWBMTXSLUDEJZ53LABSEQFX1CX4E4VQ2RNF0JVFYBOZOZZ&v=20180323&ll=-26.967448555391197+%2C-48.682939817&query=Music+Venue&limit=1000 HTTP/1.1" 200 None
2020-12-17 17:16:05,550  [<stdin>:25]     INFO   <Response [200]>
2020-12-17 17:16:05,554  [<stdin>:28]     INFO   Got data
2020-12-17 17:16:05,555  [<stdin>:31]     INFO   Venues gotten
2020-12-17 17:16:05,621  [<stdin>:52]     INFO   More 13 points of interest
2020-12-17 17:16:05,623  [<stdin>:54]     INFO   1492 so far
2020-12-17 17:16:05,624  [<stdin>:45]     INFO   Searching for Credit Union
2020-12-17 17:16:05,627  [connectionpool.py:812]     DEBUG  Starting new HTTPS connection (1): api.foursquare.com:443
2020-12-17 17:16:06,243  [connectionpool.py:391]     DEBUG  https://api.foursquare.com:443 "GET /v2/venues/explore?client_id=P0VECUSYDJB24CHOVK4SH1ZOS3ZC1VO00FZMIHNN0U1HMZT1&client_secret=RAKWBMTXSLUDEJZ53LABSEQFX1CX4E4VQ2RNF0JVFYBOZOZZ&v=20180323&ll=-26.967448555391197+%2C-48.682939817&query=Credit+Union&limit=1000 HTTP/1.1" 200 None
2020-12-17 17:16:06,248  [<stdin>:25]     INFO   <Response [200]>
2020-12-17 17:16:06,250  [<stdin>:28]     INFO   Got data
2020-12-17 17:16:06,251  [<stdin>:31]     INFO   Venues gotten
2020-12-17 17:16:06,279  [<stdin>:52]     INFO   More 12 points of interest
2020-12-17 17:16:06,280  [<stdin>:54]     INFO   1504 so far
2020-12-17 17:16:06,281  [<stdin>:45]     INFO   Searching for Salon / Barbershop
2020-12-17 17:16:06,282  [connectionpool.py:812]     DEBUG  Starting new HTTPS connection (1): api.foursquare.com:443
2020-12-17 17:16:06,994  [connectionpool.py:391]     DEBUG  https://api.foursquare.com:443 "GET /v2/venues/explore?client_id=P0VECUSYDJB24CHOVK4SH1ZOS3ZC1VO00FZMIHNN0U1HMZT1&client_secret=RAKWBMTXSLUDEJZ53LABSEQFX1CX4E4VQ2RNF0JVFYBOZOZZ&v=20180323&ll=-26.967448555391197+%2C-48.682939817&query=Salon+%2F+Barbershop&limit=1000 HTTP/1.1" 200 None
2020-12-17 17:16:07,002  [<stdin>:25]     INFO   <Response [200]>
2020-12-17 17:16:07,008  [<stdin>:28]     INFO   Got data
2020-12-17 17:16:07,009  [<stdin>:31]     INFO   Venues gotten
2020-12-17 17:16:07,059  [<stdin>:52]     INFO   More 39 points of interest
2020-12-17 17:16:07,061  [<stdin>:54]     INFO   1543 so far
2020-12-17 17:16:07,061  [<stdin>:45]     INFO   Searching for Photography Studio
2020-12-17 17:16:07,064  [connectionpool.py:812]     DEBUG  Starting new HTTPS connection (1): api.foursquare.com:443
2020-12-17 17:16:07,678  [connectionpool.py:391]     DEBUG  https://api.foursquare.com:443 "GET /v2/venues/explore?client_id=P0VECUSYDJB24CHOVK4SH1ZOS3ZC1VO00FZMIHNN0U1HMZT1&client_secret=RAKWBMTXSLUDEJZ53LABSEQFX1CX4E4VQ2RNF0JVFYBOZOZZ&v=20180323&ll=-26.967448555391197+%2C-48.682939817&query=Photography+Studio&limit=1000 HTTP/1.1" 200 None
2020-12-17 17:16:07,683  [<stdin>:25]     INFO   <Response [200]>
2020-12-17 17:16:07,685  [<stdin>:28]     INFO   Got data
2020-12-17 17:16:07,686  [<stdin>:31]     INFO   Venues gotten
2020-12-17 17:16:07,709  [<stdin>:52]     INFO   More 11 points of interest
2020-12-17 17:16:07,710  [<stdin>:54]     INFO   1554 so far
2020-12-17 17:16:07,710  [<stdin>:45]     INFO   Searching for Business Service
2020-12-17 17:16:07,712  [connectionpool.py:812]     DEBUG  Starting new HTTPS connection (1): api.foursquare.com:443
2020-12-17 17:16:08,395  [connectionpool.py:391]     DEBUG  https://api.foursquare.com:443 "GET /v2/venues/explore?client_id=P0VECUSYDJB24CHOVK4SH1ZOS3ZC1VO00FZMIHNN0U1HMZT1&client_secret=RAKWBMTXSLUDEJZ53LABSEQFX1CX4E4VQ2RNF0JVFYBOZOZZ&v=20180323&ll=-26.967448555391197+%2C-48.682939817&query=Business+Service&limit=1000 HTTP/1.1" 200 None
2020-12-17 17:16:08,400  [<stdin>:25]     INFO   <Response [200]>
2020-12-17 17:16:08,405  [<stdin>:28]     INFO   Got data
2020-12-17 17:16:08,406  [<stdin>:31]     INFO   Venues gotten
2020-12-17 17:16:08,451  [<stdin>:52]     INFO   More 40 points of interest
2020-12-17 17:16:08,452  [<stdin>:54]     INFO   1594 so far
2020-12-17 17:16:08,452  [<stdin>:45]     INFO   Searching for Pet Service
2020-12-17 17:16:08,454  [connectionpool.py:812]     DEBUG  Starting new HTTPS connection (1): api.foursquare.com:443
2020-12-17 17:16:09,008  [connectionpool.py:391]     DEBUG  https://api.foursquare.com:443 "GET /v2/venues/explore?client_id=P0VECUSYDJB24CHOVK4SH1ZOS3ZC1VO00FZMIHNN0U1HMZT1&client_secret=RAKWBMTXSLUDEJZ53LABSEQFX1CX4E4VQ2RNF0JVFYBOZOZZ&v=20180323&ll=-26.967448555391197+%2C-48.682939817&query=Pet+Service&limit=1000 HTTP/1.1" 200 None
2020-12-17 17:16:09,014  [<stdin>:25]     INFO   <Response [200]>
2020-12-17 17:16:09,015  [<stdin>:28]     INFO   Got data
2020-12-17 17:16:09,015  [<stdin>:31]     INFO   Venues gotten
2020-12-17 17:16:09,037  [<stdin>:52]     INFO   More 7 points of interest
2020-12-17 17:16:09,038  [<stdin>:54]     INFO   1601 so far
2020-12-17 17:16:09,038  [<stdin>:45]     INFO   Searching for ATM
2020-12-17 17:16:09,039  [connectionpool.py:812]     DEBUG  Starting new HTTPS connection (1): api.foursquare.com:443
2020-12-17 17:16:09,623  [connectionpool.py:391]     DEBUG  https://api.foursquare.com:443 "GET /v2/venues/explore?client_id=P0VECUSYDJB24CHOVK4SH1ZOS3ZC1VO00FZMIHNN0U1HMZT1&client_secret=RAKWBMTXSLUDEJZ53LABSEQFX1CX4E4VQ2RNF0JVFYBOZOZZ&v=20180323&ll=-26.967448555391197+%2C-48.682939817&query=ATM&limit=1000 HTTP/1.1" 200 None
2020-12-17 17:16:09,628  [<stdin>:25]     INFO   <Response [200]>
2020-12-17 17:16:09,630  [<stdin>:28]     INFO   Got data
2020-12-17 17:16:09,630  [<stdin>:31]     INFO   Venues gotten
2020-12-17 17:16:09,654  [<stdin>:52]     INFO   More 5 points of interest
2020-12-17 17:16:09,656  [<stdin>:54]     INFO   1606 so far
2020-12-17 17:16:09,656  [<stdin>:45]     INFO   Searching for Station
2020-12-17 17:16:09,658  [connectionpool.py:812]     DEBUG  Starting new HTTPS connection (1): api.foursquare.com:443
2020-12-17 17:16:10,227  [connectionpool.py:391]     DEBUG  https://api.foursquare.com:443 "GET /v2/venues/explore?client_id=P0VECUSYDJB24CHOVK4SH1ZOS3ZC1VO00FZMIHNN0U1HMZT1&client_secret=RAKWBMTXSLUDEJZ53LABSEQFX1CX4E4VQ2RNF0JVFYBOZOZZ&v=20180323&ll=-26.967448555391197+%2C-48.682939817&query=Station&limit=1000 HTTP/1.1" 200 None
2020-12-17 17:16:10,232  [<stdin>:25]     INFO   <Response [200]>
2020-12-17 17:16:10,236  [<stdin>:28]     INFO   Got data
2020-12-17 17:16:10,236  [<stdin>:31]     INFO   Venues gotten
2020-12-17 17:16:10,266  [<stdin>:52]     INFO   More 24 points of interest
2020-12-17 17:16:10,267  [<stdin>:54]     INFO   1630 so far
2020-12-17 17:16:10,267  [<stdin>:45]     INFO   Searching for Restaurant
2020-12-17 17:16:10,268  [connectionpool.py:812]     DEBUG  Starting new HTTPS connection (1): api.foursquare.com:443
2020-12-17 17:16:10,832  [connectionpool.py:391]     DEBUG  https://api.foursquare.com:443 "GET /v2/venues/explore?client_id=P0VECUSYDJB24CHOVK4SH1ZOS3ZC1VO00FZMIHNN0U1HMZT1&client_secret=RAKWBMTXSLUDEJZ53LABSEQFX1CX4E4VQ2RNF0JVFYBOZOZZ&v=20180323&ll=-26.967448555391197+%2C-48.682939817&query=Restaurant&limit=1000 HTTP/1.1" 200 None
2020-12-17 17:16:10,835  [<stdin>:25]     INFO   <Response [200]>
2020-12-17 17:16:10,837  [<stdin>:28]     INFO   Got data
2020-12-17 17:16:10,837  [<stdin>:31]     INFO   Venues gotten
2020-12-17 17:16:10,868  [<stdin>:52]     INFO   More 45 points of interest
2020-12-17 17:16:10,869  [<stdin>:54]     INFO   1675 so far
2020-12-17 17:16:10,869  [<stdin>:45]     INFO   Searching for Gift shop
2020-12-17 17:16:10,871  [connectionpool.py:812]     DEBUG  Starting new HTTPS connection (1): api.foursquare.com:443
2020-12-17 17:16:11,443  [connectionpool.py:391]     DEBUG  https://api.foursquare.com:443 "GET /v2/venues/explore?client_id=P0VECUSYDJB24CHOVK4SH1ZOS3ZC1VO00FZMIHNN0U1HMZT1&client_secret=RAKWBMTXSLUDEJZ53LABSEQFX1CX4E4VQ2RNF0JVFYBOZOZZ&v=20180323&ll=-26.967448555391197+%2C-48.682939817&query=Gift+shop&limit=1000 HTTP/1.1" 200 None
2020-12-17 17:16:11,450  [<stdin>:25]     INFO   <Response [200]>
2020-12-17 17:16:11,452  [<stdin>:28]     INFO   Got data
2020-12-17 17:16:11,455  [<stdin>:31]     INFO   Venues gotten
2020-12-17 17:16:11,489  [<stdin>:52]     INFO   More 17 points of interest
2020-12-17 17:16:11,490  [<stdin>:54]     INFO   1692 so far
2020-12-17 17:16:11,490  [<stdin>:45]     INFO   Searching for Performing Arts Venue
2020-12-17 17:16:11,492  [connectionpool.py:812]     DEBUG  Starting new HTTPS connection (1): api.foursquare.com:443
2020-12-17 17:16:12,081  [connectionpool.py:391]     DEBUG  https://api.foursquare.com:443 "GET /v2/venues/explore?client_id=P0VECUSYDJB24CHOVK4SH1ZOS3ZC1VO00FZMIHNN0U1HMZT1&client_secret=RAKWBMTXSLUDEJZ53LABSEQFX1CX4E4VQ2RNF0JVFYBOZOZZ&v=20180323&ll=-26.967448555391197+%2C-48.682939817&query=Performing+Arts+Venue&limit=1000 HTTP/1.1" 200 None
2020-12-17 17:16:12,088  [<stdin>:25]     INFO   <Response [200]>
2020-12-17 17:16:12,090  [<stdin>:28]     INFO   Got data
2020-12-17 17:16:12,091  [<stdin>:31]     INFO   Venues gotten
2020-12-17 17:16:12,105  [<stdin>:52]     INFO   More 5 points of interest
2020-12-17 17:16:12,107  [<stdin>:54]     INFO   1697 so far
2020-12-17 17:16:12,107  [<stdin>:45]     INFO   Searching for Gas Station
2020-12-17 17:16:12,109  [connectionpool.py:812]     DEBUG  Starting new HTTPS connection (1): api.foursquare.com:443
2020-12-17 17:16:12,947  [connectionpool.py:391]     DEBUG  https://api.foursquare.com:443 "GET /v2/venues/explore?client_id=P0VECUSYDJB24CHOVK4SH1ZOS3ZC1VO00FZMIHNN0U1HMZT1&client_secret=RAKWBMTXSLUDEJZ53LABSEQFX1CX4E4VQ2RNF0JVFYBOZOZZ&v=20180323&ll=-26.967448555391197+%2C-48.682939817&query=Gas+Station&limit=1000 HTTP/1.1" 200 None
2020-12-17 17:16:12,953  [<stdin>:25]     INFO   <Response [200]>
2020-12-17 17:16:12,962  [<stdin>:28]     INFO   Got data
2020-12-17 17:16:12,962  [<stdin>:31]     INFO   Venues gotten
2020-12-17 17:16:13,030  [<stdin>:52]     INFO   More 95 points of interest
2020-12-17 17:16:13,032  [<stdin>:54]     INFO   1792 so far
2020-12-17 17:16:13,032  [<stdin>:45]     INFO   Searching for Terminal
2020-12-17 17:16:13,033  [connectionpool.py:812]     DEBUG  Starting new HTTPS connection (1): api.foursquare.com:443
2020-12-17 17:16:13,719  [connectionpool.py:391]     DEBUG  https://api.foursquare.com:443 "GET /v2/venues/explore?client_id=P0VECUSYDJB24CHOVK4SH1ZOS3ZC1VO00FZMIHNN0U1HMZT1&client_secret=RAKWBMTXSLUDEJZ53LABSEQFX1CX4E4VQ2RNF0JVFYBOZOZZ&v=20180323&ll=-26.967448555391197+%2C-48.682939817&query=Terminal&limit=1000 HTTP/1.1" 200 None
2020-12-17 17:16:13,725  [<stdin>:25]     INFO   <Response [200]>
2020-12-17 17:16:13,726  [<stdin>:28]     INFO   Got data
2020-12-17 17:16:13,727  [<stdin>:31]     INFO   Venues gotten
2020-12-17 17:16:13,753  [<stdin>:52]     INFO   More 6 points of interest
2020-12-17 17:16:13,755  [<stdin>:54]     INFO   1798 so far
2020-12-17 17:16:13,755  [<stdin>:45]     INFO   Searching for Women's Store
2020-12-17 17:16:13,757  [connectionpool.py:812]     DEBUG  Starting new HTTPS connection (1): api.foursquare.com:443
2020-12-17 17:16:14,435  [connectionpool.py:391]     DEBUG  https://api.foursquare.com:443 "GET /v2/venues/explore?client_id=P0VECUSYDJB24CHOVK4SH1ZOS3ZC1VO00FZMIHNN0U1HMZT1&client_secret=RAKWBMTXSLUDEJZ53LABSEQFX1CX4E4VQ2RNF0JVFYBOZOZZ&v=20180323&ll=-26.967448555391197+%2C-48.682939817&query=Women%27s+Store&limit=1000 HTTP/1.1" 200 None
2020-12-17 17:16:14,439  [<stdin>:25]     INFO   <Response [200]>
2020-12-17 17:16:14,441  [<stdin>:28]     INFO   Got data
2020-12-17 17:16:14,441  [<stdin>:31]     INFO   Venues gotten
2020-12-17 17:16:14,477  [<stdin>:52]     INFO   More 23 points of interest
2020-12-17 17:16:14,478  [<stdin>:54]     INFO   1821 so far
2020-12-17 17:16:14,478  [<stdin>:45]     INFO   Searching for Entertainment Service
2020-12-17 17:16:14,480  [connectionpool.py:812]     DEBUG  Starting new HTTPS connection (1): api.foursquare.com:443
2020-12-17 17:16:15,049  [connectionpool.py:391]     DEBUG  https://api.foursquare.com:443 "GET /v2/venues/explore?client_id=P0VECUSYDJB24CHOVK4SH1ZOS3ZC1VO00FZMIHNN0U1HMZT1&client_secret=RAKWBMTXSLUDEJZ53LABSEQFX1CX4E4VQ2RNF0JVFYBOZOZZ&v=20180323&ll=-26.967448555391197+%2C-48.682939817&query=Entertainment+Service&limit=1000 HTTP/1.1" 200 None
2020-12-17 17:16:15,050  [<stdin>:25]     INFO   <Response [200]>
2020-12-17 17:16:15,051  [<stdin>:28]     INFO   Got data
2020-12-17 17:16:15,051  [<stdin>:31]     INFO   Venues gotten
2020-12-17 17:16:15,061  [<stdin>:52]     INFO   More 4 points of interest
2020-12-17 17:16:15,062  [<stdin>:54]     INFO   1825 so far
2020-12-17 17:16:15,062  [<stdin>:45]     INFO   Searching for Store
2020-12-17 17:16:15,063  [connectionpool.py:812]     DEBUG  Starting new HTTPS connection (1): api.foursquare.com:443
2020-12-17 17:16:15,654  [connectionpool.py:391]     DEBUG  https://api.foursquare.com:443 "GET /v2/venues/explore?client_id=P0VECUSYDJB24CHOVK4SH1ZOS3ZC1VO00FZMIHNN0U1HMZT1&client_secret=RAKWBMTXSLUDEJZ53LABSEQFX1CX4E4VQ2RNF0JVFYBOZOZZ&v=20180323&ll=-26.967448555391197+%2C-48.682939817&query=Store&limit=1000 HTTP/1.1" 200 None
2020-12-17 17:16:15,657  [<stdin>:25]     INFO   <Response [200]>
2020-12-17 17:16:15,659  [<stdin>:28]     INFO   Got data
2020-12-17 17:16:15,659  [<stdin>:31]     INFO   Venues gotten
2020-12-17 17:16:15,686  [<stdin>:52]     INFO   More 21 points of interest
2020-12-17 17:16:15,687  [<stdin>:54]     INFO   1846 so far
2020-12-17 17:16:15,687  [<stdin>:45]     INFO   Searching for Flower Shop
2020-12-17 17:16:15,689  [connectionpool.py:812]     DEBUG  Starting new HTTPS connection (1): api.foursquare.com:443
2020-12-17 17:16:16,189  [connectionpool.py:391]     DEBUG  https://api.foursquare.com:443 "GET /v2/venues/explore?client_id=P0VECUSYDJB24CHOVK4SH1ZOS3ZC1VO00FZMIHNN0U1HMZT1&client_secret=RAKWBMTXSLUDEJZ53LABSEQFX1CX4E4VQ2RNF0JVFYBOZOZZ&v=20180323&ll=-26.967448555391197+%2C-48.682939817&query=Flower+Shop&limit=1000 HTTP/1.1" 200 None
2020-12-17 17:16:16,190  [<stdin>:25]     INFO   <Response [200]>
2020-12-17 17:16:16,191  [<stdin>:28]     INFO   Got data
2020-12-17 17:16:16,191  [<stdin>:31]     INFO   Venues gotten
2020-12-17 17:16:16,198  [<stdin>:52]     INFO   More 4 points of interest
2020-12-17 17:16:16,200  [<stdin>:54]     INFO   1850 so far
2020-12-17 17:16:16,200  [<stdin>:45]     INFO   Searching for Cosmetics Shop
2020-12-17 17:16:16,201  [connectionpool.py:812]     DEBUG  Starting new HTTPS connection (1): api.foursquare.com:443
2020-12-17 17:16:16,788  [connectionpool.py:391]     DEBUG  https://api.foursquare.com:443 "GET /v2/venues/explore?client_id=P0VECUSYDJB24CHOVK4SH1ZOS3ZC1VO00FZMIHNN0U1HMZT1&client_secret=RAKWBMTXSLUDEJZ53LABSEQFX1CX4E4VQ2RNF0JVFYBOZOZZ&v=20180323&ll=-26.967448555391197+%2C-48.682939817&query=Cosmetics+Shop&limit=1000 HTTP/1.1" 200 None
2020-12-17 17:16:16,790  [<stdin>:25]     INFO   <Response [200]>
2020-12-17 17:16:16,791  [<stdin>:28]     INFO   Got data
2020-12-17 17:16:16,791  [<stdin>:31]     INFO   Venues gotten
2020-12-17 17:16:16,812  [<stdin>:52]     INFO   More 21 points of interest
2020-12-17 17:16:16,814  [<stdin>:54]     INFO   1871 so far
2020-12-17 17:16:16,814  [<stdin>:45]     INFO   Searching for Ginsio
2020-12-17 17:16:16,816  [connectionpool.py:812]     DEBUG  Starting new HTTPS connection (1): api.foursquare.com:443
2020-12-17 17:16:17,917  [connectionpool.py:391]     DEBUG  https://api.foursquare.com:443 "GET /v2/venues/explore?client_id=P0VECUSYDJB24CHOVK4SH1ZOS3ZC1VO00FZMIHNN0U1HMZT1&client_secret=RAKWBMTXSLUDEJZ53LABSEQFX1CX4E4VQ2RNF0JVFYBOZOZZ&v=20180323&ll=-26.967448555391197+%2C-48.682939817&query=Gin%C3%A1sio&limit=1000 HTTP/1.1" 200 None
2020-12-17 17:16:17,924  [<stdin>:25]     INFO   <Response [200]>
2020-12-17 17:16:17,927  [<stdin>:28]     INFO   Got data
2020-12-17 17:16:17,927  [<stdin>:31]     INFO   Venues gotten
2020-12-17 17:16:17,957  [<stdin>:52]     INFO   More 24 points of interest
2020-12-17 17:16:17,959  [<stdin>:54]     INFO   1895 so far
2020-12-17 17:16:17,959  [<stdin>:45]     INFO   Searching for Grocery Store
2020-12-17 17:16:17,960  [connectionpool.py:812]     DEBUG  Starting new HTTPS connection (1): api.foursquare.com:443
2020-12-17 17:16:18,533  [connectionpool.py:391]     DEBUG  https://api.foursquare.com:443 "GET /v2/venues/explore?client_id=P0VECUSYDJB24CHOVK4SH1ZOS3ZC1VO00FZMIHNN0U1HMZT1&client_secret=RAKWBMTXSLUDEJZ53LABSEQFX1CX4E4VQ2RNF0JVFYBOZOZZ&v=20180323&ll=-26.967448555391197+%2C-48.682939817&query=Grocery+Store&limit=1000 HTTP/1.1" 200 None
2020-12-17 17:16:18,536  [<stdin>:25]     INFO   <Response [200]>
2020-12-17 17:16:18,538  [<stdin>:28]     INFO   Got data
2020-12-17 17:16:18,538  [<stdin>:31]     INFO   Venues gotten
2020-12-17 17:16:18,574  [<stdin>:52]     INFO   More 29 points of interest
2020-12-17 17:16:18,576  [<stdin>:54]     INFO   1924 so far
2020-12-17 17:16:18,576  [<stdin>:45]     INFO   Searching for Museum
2020-12-17 17:16:18,578  [connectionpool.py:812]     DEBUG  Starting new HTTPS connection (1): api.foursquare.com:443
2020-12-17 17:16:19,657  [connectionpool.py:391]     DEBUG  https://api.foursquare.com:443 "GET /v2/venues/explore?client_id=P0VECUSYDJB24CHOVK4SH1ZOS3ZC1VO00FZMIHNN0U1HMZT1&client_secret=RAKWBMTXSLUDEJZ53LABSEQFX1CX4E4VQ2RNF0JVFYBOZOZZ&v=20180323&ll=-26.967448555391197+%2C-48.682939817&query=Museum&limit=1000 HTTP/1.1" 200 None
2020-12-17 17:16:19,662  [<stdin>:25]     INFO   <Response [200]>
2020-12-17 17:16:19,663  [<stdin>:28]     INFO   Got data
2020-12-17 17:16:19,664  [<stdin>:31]     INFO   Venues gotten
2020-12-17 17:16:19,699  [<stdin>:52]     INFO   More 4 points of interest
2020-12-17 17:16:19,703  [<stdin>:54]     INFO   1928 so far
2020-12-17 17:16:19,703  [<stdin>:45]     INFO   Searching for Motorsports Shop
2020-12-17 17:16:19,709  [connectionpool.py:812]     DEBUG  Starting new HTTPS connection (1): api.foursquare.com:443
2020-12-17 17:16:20,217  [connectionpool.py:391]     DEBUG  https://api.foursquare.com:443 "GET /v2/venues/explore?client_id=P0VECUSYDJB24CHOVK4SH1ZOS3ZC1VO00FZMIHNN0U1HMZT1&client_secret=RAKWBMTXSLUDEJZ53LABSEQFX1CX4E4VQ2RNF0JVFYBOZOZZ&v=20180323&ll=-26.967448555391197+%2C-48.682939817&query=Motorsports+Shop&limit=1000 HTTP/1.1" 200 None
2020-12-17 17:16:20,224  [<stdin>:25]     INFO   <Response [200]>
2020-12-17 17:16:20,226  [<stdin>:28]     INFO   Got data
2020-12-17 17:16:20,227  [<stdin>:31]     INFO   Venues gotten
2020-12-17 17:16:20,252  [<stdin>:52]     INFO   More 2 points of interest
2020-12-17 17:16:20,255  [<stdin>:54]     INFO   1930 so far
2020-12-17 17:16:20,266  [<stdin>:56]     INFO   Total of 1612 points of interest
